{"uid":"9896e3670e362890","name":"CarLoanFlow - Loan created by Franchise Admin for user salary earner","fullName":"CarLoanFlow - Loan created by Franchise Admin for user salary earner","historyId":"CarLoanFlow - Loan created by Franchise Admin for user salary earner","time":{"start":1772021579544,"stop":1772021579820,"duration":276},"status":"broken","statusMessage":"Failed to parse the JSON document","statusTrace":"io.restassured.path.json.exception.JsonPathException: Failed to parse the JSON document\n\tat io.restassured.path.json.JsonPath$ExceptionCatcher.invoke(JsonPath.java:1002)\n\tat io.restassured.path.json.JsonPath$4.doParseWith(JsonPath.java:967)\n\tat io.restassured.path.json.JsonPath$JsonParser.parseWith(JsonPath.java:1047)\n\tat io.restassured.path.json.JsonPath.get(JsonPath.java:202)\n\tat io.restassured.path.json.JsonPath.getString(JsonPath.java:352)\n\tat Base.Initialization.generateAuthToken(Initialization.java:180)\n\tat Base.Initialization.getFranchiseAdminToken(Initialization.java:91)\n\tat Tests.CarLoan.CarLoanPositive.CarLoanFlow(CarLoanPositive.java:79)\n\tat java.base/jdk.internal.reflect.DirectMethodHandleAccessor.invoke(DirectMethodHandleAccessor.java:103)\n\tat java.base/java.lang.reflect.Method.invoke(Method.java:580)\n\tat org.testng.internal.invokers.MethodInvocationHelper.invokeMethod(MethodInvocationHelper.java:141)\n\tat org.testng.internal.invokers.TestInvoker.invokeMethod(TestInvoker.java:687)\n\tat org.testng.internal.invokers.TestInvoker.invokeTestMethod(TestInvoker.java:230)\n\tat org.testng.internal.invokers.MethodRunner.runInSequence(MethodRunner.java:63)\n\tat org.testng.internal.invokers.TestInvoker$MethodInvocationAgent.invoke(TestInvoker.java:995)\n\tat org.testng.internal.invokers.TestInvoker.invokeTestMethods(TestInvoker.java:203)\n\tat org.testng.internal.invokers.TestMethodWorker.invokeTestMethods(TestMethodWorker.java:154)\n\tat org.testng.internal.invokers.TestMethodWorker.run(TestMethodWorker.java:134)\n\tat java.base/java.util.ArrayList.forEach(ArrayList.java:1597)\n\tat org.testng.TestRunner.privateRun(TestRunner.java:741)\n\tat org.testng.TestRunner.run(TestRunner.java:616)\n\tat org.testng.SuiteRunner.runTest(SuiteRunner.java:421)\n\tat org.testng.SuiteRunner.runSequentially(SuiteRunner.java:413)\n\tat org.testng.SuiteRunner.privateRun(SuiteRunner.java:373)\n\tat org.testng.SuiteRunner.run(SuiteRunner.java:312)\n\tat org.testng.SuiteRunnerWorker.runSuite(SuiteRunnerWorker.java:52)\n\tat org.testng.SuiteRunnerWorker.run(SuiteRunnerWorker.java:95)\n\tat org.testng.TestNG.runSuitesSequentially(TestNG.java:1274)\n\tat org.testng.TestNG.runSuitesLocally(TestNG.java:1208)\n\tat org.testng.TestNG.runSuites(TestNG.java:1112)\n\tat org.testng.TestNG.run(TestNG.java:1079)\n\tat org.apache.maven.surefire.testng.TestNGExecutor.run(TestNGExecutor.java:308)\n\tat org.apache.maven.surefire.testng.TestNGXmlTestSuite.execute(TestNGXmlTestSuite.java:71)\n\tat org.apache.maven.surefire.testng.TestNGProvider.invoke(TestNGProvider.java:113)\n\tat org.apache.maven.surefire.booter.ForkedBooter.runSuitesInProcess(ForkedBooter.java:385)\n\tat org.apache.maven.surefire.booter.ForkedBooter.execute(ForkedBooter.java:162)\n\tat org.apache.maven.surefire.booter.ForkedBooter.run(ForkedBooter.java:507)\n\tat org.apache.maven.surefire.booter.ForkedBooter.main(ForkedBooter.java:495)\nCaused by: groovy.json.JsonException: Lexing failed on line: 1, column: 1, while reading '<', no possible valid JSON value or punctuation could be recognized.\n\tat groovy.json.JsonLexer.nextToken(JsonLexer.java:86)\n\tat groovy.json.JsonLexer$nextToken.call(Unknown Source)\n\tat io.restassured.internal.path.json.ConfigurableJsonSlurper.parse(ConfigurableJsonSlurper.groovy:97)\n\tat io.restassured.internal.path.json.ConfigurableJsonSlurper$parse.callCurrent(Unknown Source)\n\tat io.restassured.internal.path.json.ConfigurableJsonSlurper.parseText(ConfigurableJsonSlurper.groovy:83)\n\tat io.restassured.path.json.JsonPath$4$1.method(JsonPath.java:965)\n\tat io.restassured.path.json.JsonPath$ExceptionCatcher.invoke(JsonPath.java:1000)\n\t... 37 more\n","flaky":false,"newFailed":false,"newBroken":true,"newPassed":false,"retriesCount":0,"retriesStatusChange":false,"beforeStages":[{"name":"SetUp","time":{"start":1772021575840,"stop":1772021576398,"duration":558},"description":"","status":"passed","steps":[],"attachments":[],"parameters":[],"shouldDisplayMessage":false,"stepsCount":0,"attachmentsCount":0,"hasContent":false,"attachmentStep":false}],"testStage":{"status":"broken","statusMessage":"Failed to parse the JSON document","statusTrace":"io.restassured.path.json.exception.JsonPathException: Failed to parse the JSON document\n\tat io.restassured.path.json.JsonPath$ExceptionCatcher.invoke(JsonPath.java:1002)\n\tat io.restassured.path.json.JsonPath$4.doParseWith(JsonPath.java:967)\n\tat io.restassured.path.json.JsonPath$JsonParser.parseWith(JsonPath.java:1047)\n\tat io.restassured.path.json.JsonPath.get(JsonPath.java:202)\n\tat io.restassured.path.json.JsonPath.getString(JsonPath.java:352)\n\tat Base.Initialization.generateAuthToken(Initialization.java:180)\n\tat Base.Initialization.getFranchiseAdminToken(Initialization.java:91)\n\tat Tests.CarLoan.CarLoanPositive.CarLoanFlow(CarLoanPositive.java:79)\n\tat java.base/jdk.internal.reflect.DirectMethodHandleAccessor.invoke(DirectMethodHandleAccessor.java:103)\n\tat java.base/java.lang.reflect.Method.invoke(Method.java:580)\n\tat org.testng.internal.invokers.MethodInvocationHelper.invokeMethod(MethodInvocationHelper.java:141)\n\tat org.testng.internal.invokers.TestInvoker.invokeMethod(TestInvoker.java:687)\n\tat org.testng.internal.invokers.TestInvoker.invokeTestMethod(TestInvoker.java:230)\n\tat org.testng.internal.invokers.MethodRunner.runInSequence(MethodRunner.java:63)\n\tat org.testng.internal.invokers.TestInvoker$MethodInvocationAgent.invoke(TestInvoker.java:995)\n\tat org.testng.internal.invokers.TestInvoker.invokeTestMethods(TestInvoker.java:203)\n\tat org.testng.internal.invokers.TestMethodWorker.invokeTestMethods(TestMethodWorker.java:154)\n\tat org.testng.internal.invokers.TestMethodWorker.run(TestMethodWorker.java:134)\n\tat java.base/java.util.ArrayList.forEach(ArrayList.java:1597)\n\tat org.testng.TestRunner.privateRun(TestRunner.java:741)\n\tat org.testng.TestRunner.run(TestRunner.java:616)\n\tat org.testng.SuiteRunner.runTest(SuiteRunner.java:421)\n\tat org.testng.SuiteRunner.runSequentially(SuiteRunner.java:413)\n\tat org.testng.SuiteRunner.privateRun(SuiteRunner.java:373)\n\tat org.testng.SuiteRunner.run(SuiteRunner.java:312)\n\tat org.testng.SuiteRunnerWorker.runSuite(SuiteRunnerWorker.java:52)\n\tat org.testng.SuiteRunnerWorker.run(SuiteRunnerWorker.java:95)\n\tat org.testng.TestNG.runSuitesSequentially(TestNG.java:1274)\n\tat org.testng.TestNG.runSuitesLocally(TestNG.java:1208)\n\tat org.testng.TestNG.runSuites(TestNG.java:1112)\n\tat org.testng.TestNG.run(TestNG.java:1079)\n\tat org.apache.maven.surefire.testng.TestNGExecutor.run(TestNGExecutor.java:308)\n\tat org.apache.maven.surefire.testng.TestNGXmlTestSuite.execute(TestNGXmlTestSuite.java:71)\n\tat org.apache.maven.surefire.testng.TestNGProvider.invoke(TestNGProvider.java:113)\n\tat org.apache.maven.surefire.booter.ForkedBooter.runSuitesInProcess(ForkedBooter.java:385)\n\tat org.apache.maven.surefire.booter.ForkedBooter.execute(ForkedBooter.java:162)\n\tat org.apache.maven.surefire.booter.ForkedBooter.run(ForkedBooter.java:507)\n\tat org.apache.maven.surefire.booter.ForkedBooter.main(ForkedBooter.java:495)\nCaused by: groovy.json.JsonException: Lexing failed on line: 1, column: 1, while reading '<', no possible valid JSON value or punctuation could be recognized.\n\tat groovy.json.JsonLexer.nextToken(JsonLexer.java:86)\n\tat groovy.json.JsonLexer$nextToken.call(Unknown Source)\n\tat io.restassured.internal.path.json.ConfigurableJsonSlurper.parse(ConfigurableJsonSlurper.groovy:97)\n\tat io.restassured.internal.path.json.ConfigurableJsonSlurper$parse.callCurrent(Unknown Source)\n\tat io.restassured.internal.path.json.ConfigurableJsonSlurper.parseText(ConfigurableJsonSlurper.groovy:83)\n\tat io.restassured.path.json.JsonPath$4$1.method(JsonPath.java:965)\n\tat io.restassured.path.json.JsonPath$ExceptionCatcher.invoke(JsonPath.java:1000)\n\t... 37 more\n","steps":[{"name":"Get Token for role: Franchise Admin","time":{"start":1772021579545,"stop":1772021579545,"duration":0},"status":"passed","steps":[],"attachments":[],"parameters":[],"shouldDisplayMessage":false,"stepsCount":0,"attachmentsCount":0,"hasContent":false,"attachmentStep":false}],"attachments":[{"uid":"900ba0ac0069c45a","name":"Request Log","source":"900ba0ac0069c45a.json","type":"application/json","size":365},{"uid":"e18bca3e84f4237b","name":"Response Log","source":"e18bca3e84f4237b.json","type":"application/json","size":528}],"parameters":[],"shouldDisplayMessage":true,"stepsCount":1,"attachmentsCount":2,"hasContent":true,"attachmentStep":false},"afterStages":[],"labels":[{"name":"package","value":"Tests.CarLoan.CarLoanPositive"},{"name":"testClass","value":"Tests.CarLoan.CarLoanPositive"},{"name":"testMethod","value":"CarLoanFlow"},{"name":"parentSuite","value":"API_Regression_Suite"},{"name":"suite","value":"Autochek_End_To_End_Loan_Application"},{"name":"subSuite","value":"Tests.CarLoan.CarLoanPositive"},{"name":"host","value":"runnervmwffz4"},{"name":"thread","value":"2372@runnervmwffz4.main(1)"},{"name":"framework","value":"testng"},{"name":"language","value":"java"},{"name":"feature","value":"Country - NG"},{"name":"epic","value":"Car Loan Positive Flow"},{"name":"severity","value":"critical"},{"name":"story","value":"Franchise Admin - Salary Earner"},{"name":"resultFormat","value":"allure2"}],"parameters":[{"name":"Description","value":"Loan created by Franchise Admin for user salary earner"},{"name":"Loan Creator","value":"Franchise Admin"},{"name":"Severity","value":"Critical"},{"name":"Type","value":"Positive"},{"name":"User Type","value":"Salary Earner"}],"links":[],"hidden":false,"retry":false,"extra":{"severity":"critical","retries":[],"categories":[{"name":"Test defects","matchedStatuses":[]}],"history":{"statistic":{"failed":8,"broken":1,"skipped":0,"passed":0,"unknown":0,"total":9},"items":[{"uid":"1d51fa4e1feb6447","status":"failed","statusDetails":"The following asserts failed:\n\tResponse code should be 200 | Expected: 200, Actual: 400 expected [200] but found [400]","time":{"start":1772015133766,"stop":1772015504651,"duration":370885}},{"uid":"ed7118244c6b8993","status":"failed","statusDetails":"The following asserts failed:\n\tResponse code of assignInspector should be 200 | Expected: 200, Actual: 401 expected [200] but found [401]","time":{"start":1772013506829,"stop":1772013877008,"duration":370179}},{"uid":"445fa43f46f521fa","status":"failed","statusDetails":"The following asserts failed:\n\tResponse code of assignInspector should be 200 | Expected: 200, Actual: 401 expected [200] but found [401]","time":{"start":1772012342265,"stop":1772012681456,"duration":339191}},{"uid":"dc4e143b6a0260d3","status":"failed","statusDetails":"The following asserts failed:\n\tResponse code of assignInspector should be 200 | Expected: 200, Actual: 401 expected [200] but found [401]","time":{"start":1772004968784,"stop":1772005335500,"duration":366716}},{"uid":"ca4025a99333e21e","status":"failed","statusDetails":"The following asserts failed:\n\tResponse code of assignInspector should be 200 | Expected: 200, Actual: 401 expected [200] but found [401]","time":{"start":1772003515756,"stop":1772003888296,"duration":372540}},{"uid":"af3c40ed95de9434","status":"failed","statusDetails":"The following asserts failed:\n\tResponse code of assignInspector should be 200 | Expected: 200, Actual: 401 expected [200] but found [401]","time":{"start":1772001422620,"stop":1772001770648,"duration":348028}},{"uid":"2904c2584b3ae588","status":"failed","statusDetails":"The following asserts failed:\n\tResponse code of assignInspector should be 200 | Expected: 200, Actual: 401 expected [200] but found [401]","time":{"start":1771919639329,"stop":1771920023751,"duration":384422}},{"uid":"4c51cb8f7cbf8f98","status":"failed","statusDetails":"The following asserts failed:\n\tResponse code of assignInspector should be 200 | Expected: 200, Actual: 401 expected [200] but found [401]","time":{"start":1771917357117,"stop":1771917719529,"duration":362412}}]},"tags":[]},"source":"9896e3670e362890.json","parameterValues":["Loan created by Franchise Admin for user salary earner","Franchise Admin","Critical","Positive","Salary Earner"]}