{"uid":"9f52f0d550cabdcb","name":"CarLoanFlow - Loan created by Franchise Admin for user salary earner","fullName":"CarLoanFlow - Loan created by Franchise Admin for user salary earner","historyId":"CarLoanFlow - Loan created by Franchise Admin for user salary earner","time":{"start":1772090715409,"stop":1772091027158,"duration":311749},"status":"broken","statusMessage":"Failed to parse the JSON document","statusTrace":"io.restassured.path.json.exception.JsonPathException: Failed to parse the JSON document\n\tat io.restassured.path.json.JsonPath$ExceptionCatcher.invoke(JsonPath.java:1002)\n\tat io.restassured.path.json.JsonPath$4.doParseWith(JsonPath.java:967)\n\tat io.restassured.path.json.JsonPath$JsonParser.parseWith(JsonPath.java:1047)\n\tat io.restassured.path.json.JsonPath.get(JsonPath.java:202)\n\tat io.restassured.path.json.JsonPath.getString(JsonPath.java:352)\n\tat APIs.OriginationService.getLoanById(OriginationService.java:75)\n\tat Tests.CarLoan.CarLoanPositive.CarLoanFlow(CarLoanPositive.java:123)\n\tat java.base/jdk.internal.reflect.DirectMethodHandleAccessor.invoke(DirectMethodHandleAccessor.java:103)\n\tat java.base/java.lang.reflect.Method.invoke(Method.java:580)\n\tat org.testng.internal.invokers.MethodInvocationHelper.invokeMethod(MethodInvocationHelper.java:141)\n\tat org.testng.internal.invokers.TestInvoker.invokeMethod(TestInvoker.java:687)\n\tat org.testng.internal.invokers.TestInvoker.invokeTestMethod(TestInvoker.java:230)\n\tat org.testng.internal.invokers.MethodRunner.runInSequence(MethodRunner.java:63)\n\tat org.testng.internal.invokers.TestInvoker$MethodInvocationAgent.invoke(TestInvoker.java:995)\n\tat org.testng.internal.invokers.TestInvoker.invokeTestMethods(TestInvoker.java:203)\n\tat org.testng.internal.invokers.TestMethodWorker.invokeTestMethods(TestMethodWorker.java:154)\n\tat org.testng.internal.invokers.TestMethodWorker.run(TestMethodWorker.java:134)\n\tat java.base/java.util.ArrayList.forEach(ArrayList.java:1597)\n\tat org.testng.TestRunner.privateRun(TestRunner.java:741)\n\tat org.testng.TestRunner.run(TestRunner.java:616)\n\tat org.testng.SuiteRunner.runTest(SuiteRunner.java:421)\n\tat org.testng.SuiteRunner.runSequentially(SuiteRunner.java:413)\n\tat org.testng.SuiteRunner.privateRun(SuiteRunner.java:373)\n\tat org.testng.SuiteRunner.run(SuiteRunner.java:312)\n\tat org.testng.SuiteRunnerWorker.runSuite(SuiteRunnerWorker.java:52)\n\tat org.testng.SuiteRunnerWorker.run(SuiteRunnerWorker.java:95)\n\tat org.testng.TestNG.runSuitesSequentially(TestNG.java:1274)\n\tat org.testng.TestNG.runSuitesLocally(TestNG.java:1208)\n\tat org.testng.TestNG.runSuites(TestNG.java:1112)\n\tat org.testng.TestNG.run(TestNG.java:1079)\n\tat org.apache.maven.surefire.testng.TestNGExecutor.run(TestNGExecutor.java:308)\n\tat org.apache.maven.surefire.testng.TestNGXmlTestSuite.execute(TestNGXmlTestSuite.java:71)\n\tat org.apache.maven.surefire.testng.TestNGProvider.invoke(TestNGProvider.java:113)\n\tat org.apache.maven.surefire.booter.ForkedBooter.runSuitesInProcess(ForkedBooter.java:385)\n\tat org.apache.maven.surefire.booter.ForkedBooter.execute(ForkedBooter.java:162)\n\tat org.apache.maven.surefire.booter.ForkedBooter.run(ForkedBooter.java:507)\n\tat org.apache.maven.surefire.booter.ForkedBooter.main(ForkedBooter.java:495)\nCaused by: groovy.json.JsonException: Lexing failed on line: 1, column: 1, while reading '<', no possible valid JSON value or punctuation could be recognized.\n\tat groovy.json.JsonLexer.nextToken(JsonLexer.java:86)\n\tat groovy.json.JsonLexer$nextToken.call(Unknown Source)\n\tat io.restassured.internal.path.json.ConfigurableJsonSlurper.parse(ConfigurableJsonSlurper.groovy:97)\n\tat io.restassured.internal.path.json.ConfigurableJsonSlurper$parse.callCurrent(Unknown Source)\n\tat io.restassured.internal.path.json.ConfigurableJsonSlurper.parseText(ConfigurableJsonSlurper.groovy:83)\n\tat io.restassured.path.json.JsonPath$4$1.method(JsonPath.java:965)\n\tat io.restassured.path.json.JsonPath$ExceptionCatcher.invoke(JsonPath.java:1000)\n\t... 36 more\n","flaky":false,"newFailed":false,"newBroken":true,"newPassed":false,"retriesCount":0,"retriesStatusChange":false,"beforeStages":[{"name":"SetUp","time":{"start":1772090361247,"stop":1772090361809,"duration":562},"description":"","status":"passed","steps":[],"attachments":[],"parameters":[],"shouldDisplayMessage":false,"stepsCount":0,"attachmentsCount":0,"hasContent":false,"attachmentStep":false}],"testStage":{"status":"broken","statusMessage":"Failed to parse the JSON document","statusTrace":"io.restassured.path.json.exception.JsonPathException: Failed to parse the JSON document\n\tat io.restassured.path.json.JsonPath$ExceptionCatcher.invoke(JsonPath.java:1002)\n\tat io.restassured.path.json.JsonPath$4.doParseWith(JsonPath.java:967)\n\tat io.restassured.path.json.JsonPath$JsonParser.parseWith(JsonPath.java:1047)\n\tat io.restassured.path.json.JsonPath.get(JsonPath.java:202)\n\tat io.restassured.path.json.JsonPath.getString(JsonPath.java:352)\n\tat APIs.OriginationService.getLoanById(OriginationService.java:75)\n\tat Tests.CarLoan.CarLoanPositive.CarLoanFlow(CarLoanPositive.java:123)\n\tat java.base/jdk.internal.reflect.DirectMethodHandleAccessor.invoke(DirectMethodHandleAccessor.java:103)\n\tat java.base/java.lang.reflect.Method.invoke(Method.java:580)\n\tat org.testng.internal.invokers.MethodInvocationHelper.invokeMethod(MethodInvocationHelper.java:141)\n\tat org.testng.internal.invokers.TestInvoker.invokeMethod(TestInvoker.java:687)\n\tat org.testng.internal.invokers.TestInvoker.invokeTestMethod(TestInvoker.java:230)\n\tat org.testng.internal.invokers.MethodRunner.runInSequence(MethodRunner.java:63)\n\tat org.testng.internal.invokers.TestInvoker$MethodInvocationAgent.invoke(TestInvoker.java:995)\n\tat org.testng.internal.invokers.TestInvoker.invokeTestMethods(TestInvoker.java:203)\n\tat org.testng.internal.invokers.TestMethodWorker.invokeTestMethods(TestMethodWorker.java:154)\n\tat org.testng.internal.invokers.TestMethodWorker.run(TestMethodWorker.java:134)\n\tat java.base/java.util.ArrayList.forEach(ArrayList.java:1597)\n\tat org.testng.TestRunner.privateRun(TestRunner.java:741)\n\tat org.testng.TestRunner.run(TestRunner.java:616)\n\tat org.testng.SuiteRunner.runTest(SuiteRunner.java:421)\n\tat org.testng.SuiteRunner.runSequentially(SuiteRunner.java:413)\n\tat org.testng.SuiteRunner.privateRun(SuiteRunner.java:373)\n\tat org.testng.SuiteRunner.run(SuiteRunner.java:312)\n\tat org.testng.SuiteRunnerWorker.runSuite(SuiteRunnerWorker.java:52)\n\tat org.testng.SuiteRunnerWorker.run(SuiteRunnerWorker.java:95)\n\tat org.testng.TestNG.runSuitesSequentially(TestNG.java:1274)\n\tat org.testng.TestNG.runSuitesLocally(TestNG.java:1208)\n\tat org.testng.TestNG.runSuites(TestNG.java:1112)\n\tat org.testng.TestNG.run(TestNG.java:1079)\n\tat org.apache.maven.surefire.testng.TestNGExecutor.run(TestNGExecutor.java:308)\n\tat org.apache.maven.surefire.testng.TestNGXmlTestSuite.execute(TestNGXmlTestSuite.java:71)\n\tat org.apache.maven.surefire.testng.TestNGProvider.invoke(TestNGProvider.java:113)\n\tat org.apache.maven.surefire.booter.ForkedBooter.runSuitesInProcess(ForkedBooter.java:385)\n\tat org.apache.maven.surefire.booter.ForkedBooter.execute(ForkedBooter.java:162)\n\tat org.apache.maven.surefire.booter.ForkedBooter.run(ForkedBooter.java:507)\n\tat org.apache.maven.surefire.booter.ForkedBooter.main(ForkedBooter.java:495)\nCaused by: groovy.json.JsonException: Lexing failed on line: 1, column: 1, while reading '<', no possible valid JSON value or punctuation could be recognized.\n\tat groovy.json.JsonLexer.nextToken(JsonLexer.java:86)\n\tat groovy.json.JsonLexer$nextToken.call(Unknown Source)\n\tat io.restassured.internal.path.json.ConfigurableJsonSlurper.parse(ConfigurableJsonSlurper.groovy:97)\n\tat io.restassured.internal.path.json.ConfigurableJsonSlurper$parse.callCurrent(Unknown Source)\n\tat io.restassured.internal.path.json.ConfigurableJsonSlurper.parseText(ConfigurableJsonSlurper.groovy:83)\n\tat io.restassured.path.json.JsonPath$4$1.method(JsonPath.java:965)\n\tat io.restassured.path.json.JsonPath$ExceptionCatcher.invoke(JsonPath.java:1000)\n\t... 36 more\n","steps":[{"name":"Get Token for role: Franchise Admin","time":{"start":1772090715409,"stop":1772090715409,"duration":0},"status":"passed","steps":[],"attachments":[],"parameters":[],"shouldDisplayMessage":false,"stepsCount":0,"attachmentsCount":0,"hasContent":false,"attachmentStep":false},{"name":"Get Car Details","time":{"start":1772090715981,"stop":1772090717427,"duration":1446},"status":"passed","steps":[{"name":"SoftAssert: Verify Status code - Expected: '200', Actual: '200'","time":{"start":1772090717340,"stop":1772090717340,"duration":0},"status":"passed","steps":[],"attachments":[],"parameters":[{"name":"softAssert","value":"org.testng.asserts.SoftAssert@4ef06fcb"},{"name":"actual","value":"200"},{"name":"expected","value":"200"},{"name":"message","value":"Status code"}],"shouldDisplayMessage":false,"stepsCount":0,"attachmentsCount":0,"hasContent":true,"attachmentStep":false}],"attachments":[{"uid":"26092eb454f95c43","name":"Response","source":"26092eb454f95c43.json","type":"application/json","size":80293}],"parameters":[{"name":"token","value":"eyJhbGciOiJIUzI1NiIsInR5cCI6IkpXVCJ9.eyJ1c2VySWQiOiJCUWxRQmJMVFciLCJzZXNzaW9uSWQiOiJpa0lncktiMk5vWEludVE3WnJZRyIsImp3dElkIjoiQzIzNThQZjNSVkZiczc4ekh3SHIiLCJpYXQiOjE3NzIwOTA3MTUsImV4cCI6MTgwMzYyNjcxNX0.EUOd0-WrQ9zExBcFrBrtVmwt7YxRex3Sxb8ykXWfOe4"},{"name":"CountryCode","value":"NG"}],"shouldDisplayMessage":false,"stepsCount":1,"attachmentsCount":1,"hasContent":true,"attachmentStep":false},{"name":"Selected Car Id: 2wMmki6NB","time":{"start":1772090717427,"stop":1772090717427,"duration":0},"status":"passed","steps":[],"attachments":[],"parameters":[],"shouldDisplayMessage":false,"stepsCount":0,"attachmentsCount":0,"hasContent":false,"attachmentStep":false},{"name":"Create Loan API","time":{"start":1772090717427,"stop":1772090726449,"duration":9022},"status":"passed","steps":[{"name":"SoftAssert: Verify status code - Expected: '200', Actual: '200'","time":{"start":1772090726406,"stop":1772090726406,"duration":0},"status":"passed","steps":[],"attachments":[],"parameters":[{"name":"softAssert","value":"org.testng.asserts.SoftAssert@2bc41bcb"},{"name":"actual","value":"200"},{"name":"expected","value":"200"},{"name":"message","value":"status code"}],"shouldDisplayMessage":false,"stepsCount":0,"attachmentsCount":0,"hasContent":true,"attachmentStep":false},{"name":"SoftAssert: Verify Loan status should be Application completed - Expected: 'APPLICATION_COMPLETED', Actual: 'APPLICATION_COMPLETED'","time":{"start":1772090726426,"stop":1772090726426,"duration":0},"status":"passed","steps":[],"attachments":[],"parameters":[{"name":"softAssert","value":"org.testng.asserts.SoftAssert@2bc41bcb"},{"name":"actual","value":"APPLICATION_COMPLETED"},{"name":"expected","value":"APPLICATION_COMPLETED"},{"name":"message","value":"Loan status should be Application completed"}],"shouldDisplayMessage":false,"stepsCount":0,"attachmentsCount":0,"hasContent":true,"attachmentStep":false},{"name":"Execute all soft assertions","time":{"start":1772090726449,"stop":1772090726449,"duration":0},"status":"passed","steps":[],"attachments":[{"uid":"cd861b8a0090efc9","name":"Soft Assertions","source":"cd861b8a0090efc9.txt","type":"text/plain","size":39}],"parameters":[{"name":"softAssert","value":"org.testng.asserts.SoftAssert@2bc41bcb"}],"shouldDisplayMessage":false,"stepsCount":0,"attachmentsCount":1,"hasContent":true,"attachmentStep":false}],"attachments":[{"uid":"bf6349bd52e6237","name":"Request","source":"bf6349bd52e6237.json","type":"application/json","size":3759},{"uid":"78b76e577bde0ce8","name":"Response","source":"78b76e577bde0ce8.json","type":"application/json","size":188280}],"parameters":[{"name":"token","value":"eyJhbGciOiJIUzI1NiIsInR5cCI6IkpXVCJ9.eyJ1c2VySWQiOiJCUWxRQmJMVFciLCJzZXNzaW9uSWQiOiJpa0lncktiMk5vWEludVE3WnJZRyIsImp3dElkIjoiQzIzNThQZjNSVkZiczc4ekh3SHIiLCJpYXQiOjE3NzIwOTA3MTUsImV4cCI6MTgwMzYyNjcxNX0.EUOd0-WrQ9zExBcFrBrtVmwt7YxRex3Sxb8ykXWfOe4"},{"name":"requestBody","value":"{\n  \"profile\": [\n    {\"name\":\"sourceDataId\",\"value\":\"kpMngdaMZ\",\"type\":\"text\",\"valid\":true},\n    {\"name\":\"sourceData\",\"value\":\"100% Automobile Nig.\",\"type\":\"email\",\"valid\":true},\n    {\"name\":\"source\",\"value\":\"FRANCHISE\",\"type\":\"selection\",\"valid\":true},\n    {\"name\":\"referrerSource\",\"value\":\"Franchise\",\"valid\":true},\n    {\"name\":\"referrerData\",\"value\":\"100% Automobile Nig.\",\"valid\":true},\n    {\"name\":\"referrerDataId\",\"value\":\"kpMngdaMZ\",\"type\":\"text\",\"valid\":true},\n    {\"name\":\"firstName\",\"value\":\"E2E_By_FA_3ddf98\",\"type\":\"text\",\"valid\":true},\n    {\"name\":\"lastName\",\"value\":\"AUTO_ecc971\",\"type\":\"text\",\"valid\":true},\n    {\"name\":\"telephone\",\"value\":\"+2342044462255\",\"type\":\"tel\",\"valid\":true},\n    {\"name\":\"email\",\"value\":\"ng986010@test.com\",\"type\":\"email\",\"valid\":true},\n    {\"name\":\"description\",\"value\":\"Salary earner\",\"type\":\"radio\",\"valid\":true},\n    {\"name\":\"monthlyGrossIncome\",\"value\":\"334371.0\",\"type\":\"amount\",\"valid\":true},\n    {\"name\":\"sourceOfFunds\",\"value\":\"Wages, bonuses, dividends, and other income from employment\",\"valid\":true},\n    {\"name\":\"dob\",\"value\":\"2001-11-23\",\"type\":\"date\",\"valid\":true},\n    {\"name\":\"nin\",\"value\":\"08459141698\",\"type\":\"number\",\"valid\":true},\n    {\"name\":\"BVN\",\"value\":\"95968372040\",\"type\":\"number\",\"valid\":true},\n    {\"name\":\"gender\",\"value\":\"Male\",\"type\":\"radio\",\"valid\":true},\n    {\"name\":\"nationality\",\"value\":\"Nigeria\",\"valid\":true},\n    {\"name\":\"nationalityStatus\",\"value\":\"Citizen\",\"type\":\"radio\",\"valid\":true},\n    {\"name\":\"state\",\"value\":\"Abuja\",\"valid\":true},\n    {\"name\":\"employmentType\",\"value\":\"Permanent\",\"valid\":true},\n    {\"name\":\"industry\",\"value\":\"Consultancy\",\"valid\":true},\n    {\"name\":\"employerName\",\"value\":\"Test\",\"valid\":true},\n    {\"name\":\"employerAddress\",\"value\":\"Test Address\",\"valid\":true},\n    {\"name\":\"yearWithEmployer\",\"value\":\"1\",\"type\":\"number\",\"valid\":true},\n    {\"name\":\"sideBusiness\",\"value\":\"No\",\"type\":\"radio\",\"valid\":true},\n    {\"name\":\"primaryBank\",\"value\":\"Globus Bank Limited\",\"valid\":true},\n        {\"name\":\"accountHolderName\",\"value\":\"Test Testing\",\"type\":\"text\",\"valid\":true},\n        {\"name\":\"accountNumber\",\"value\":\"9404859081\",\"type\":\"number\",\"valid\":true},\n        {\"name\":\"accountType\",\"value\":\"Savings\",\"valid\":true},\n    {\"name\":\"monthlyExpenses\",\"value\":\"65000\",\"type\":\"amount\",\"valid\":true},\n    {\"name\":\"monthlyGrossIncome2\",\"value\":\"334371.0\",\"type\":\"amount\",\"valid\":true},\n    {\"name\":\"vehicleUse\",\"value\":\"Personal\",\"type\":\"radio\",\"valid\":true}\n  ],\n  \"loan_fields\": [\n    {\"name\":\"desiredLoanCurrency\",\"value\":\"NGN\",\"valid\":true},\n    {\"name\":\"interestRateType\",\"value\":\"Floating/Variable\",\"valid\":true},\n    {\"name\":\"residualPercentage\",\"value\":\"0%\",\"valid\":true},\n    {\"name\":\"includeRoadworthinessFees\",\"value\":\"Yes\",\"valid\":true},\n    {\"name\":\"includeLicenceRenewalFees\",\"value\":\"Yes\",\"valid\":true},\n    {\"name\":\"feePaymentMethod\",\"value\":\"Upfront\",\"valid\":true},\n    {\"name\":\"upfrontVehicleRegistration\",\"value\":true,\"valid\":true},\n    {\"name\":\"upfrontInsurance\",\"value\":true,\"valid\":true},\n    {\"name\":\"upfrontVehicleTracking\",\"value\":true,\"valid\":true},\n    {\"name\":\"upfrontMaintenancePlan\",\"value\":false,\"valid\":true},\n    {\"name\":\"upfrontCreditLifeInsurance\",\"value\":false,\"valid\":true},\n    {\"name\":\"upfrontWarranty\",\"value\":false,\"valid\":true},\n    {\"name\":\"upfrontTyres\",\"value\":false,\"valid\":true},\n    {\"name\":\"upfrontRoadsideAssistance\",\"value\":false,\"valid\":true},\n    {\"name\":\"creditCheckConsent\",\"value\":\"Yes\",\"valid\":true},\n    {\"name\":\"financeAndVehicleConsent\",\"value\":\"Yes\",\"valid\":true},\n    {\"name\":\"platformPolicy\",\"value\":\"Yes\",\"valid\":true}\n  ],\n  \"car_id\":\"2wMmki6NB\",\n  \"user_id\":\"BQlQBbLTW\",\n  \"product_id\":\"hj43BXLXe\",\n  \"country\":\"NG\",\n  \"is_draft\":false,\n  \"captcha_token\":\"6LeIxAcTAAAAAJcZVRqyHh71UMIEGNQ_MXjiZKhI\"\n}"}],"shouldDisplayMessage":false,"stepsCount":3,"attachmentsCount":3,"hasContent":true,"attachmentStep":false},{"name":"Created Loan Id: O6w45oxZM","time":{"start":1772090726449,"stop":1772090726449,"duration":0},"status":"passed","steps":[],"attachments":[],"parameters":[],"shouldDisplayMessage":false,"stepsCount":0,"attachmentsCount":0,"hasContent":false,"attachmentStep":false},{"name":"Waiting for 5 mins, so that origination can send conditional offers...","time":{"start":1772090726449,"stop":1772090726449,"duration":0},"status":"passed","steps":[],"attachments":[],"parameters":[],"shouldDisplayMessage":false,"stepsCount":0,"attachmentsCount":0,"hasContent":false,"attachmentStep":false},{"name":"Get Loan By Id (V1)","time":{"start":1772091026449,"stop":1772091027156,"duration":707},"status":"broken","statusMessage":"Failed to parse the JSON document","statusTrace":"io.restassured.path.json.exception.JsonPathException: Failed to parse the JSON document\n\tat io.restassured.path.json.JsonPath$ExceptionCatcher.invoke(JsonPath.java:1002)\n\tat io.restassured.path.json.JsonPath$4.doParseWith(JsonPath.java:967)\n\tat io.restassured.path.json.JsonPath$JsonParser.parseWith(JsonPath.java:1047)\n\tat io.restassured.path.json.JsonPath.get(JsonPath.java:202)\n\tat io.restassured.path.json.JsonPath.getString(JsonPath.java:352)\n\tat APIs.OriginationService.getLoanById(OriginationService.java:75)\n\tat Tests.CarLoan.CarLoanPositive.CarLoanFlow(CarLoanPositive.java:123)\n\tat java.base/jdk.internal.reflect.DirectMethodHandleAccessor.invoke(DirectMethodHandleAccessor.java:103)\n\tat java.base/java.lang.reflect.Method.invoke(Method.java:580)\n\tat org.testng.internal.invokers.MethodInvocationHelper.invokeMethod(MethodInvocationHelper.java:141)\n\tat org.testng.internal.invokers.TestInvoker.invokeMethod(TestInvoker.java:687)\n\tat org.testng.internal.invokers.TestInvoker.invokeTestMethod(TestInvoker.java:230)\n\tat org.testng.internal.invokers.MethodRunner.runInSequence(MethodRunner.java:63)\n\tat org.testng.internal.invokers.TestInvoker$MethodInvocationAgent.invoke(TestInvoker.java:995)\n\tat org.testng.internal.invokers.TestInvoker.invokeTestMethods(TestInvoker.java:203)\n\tat org.testng.internal.invokers.TestMethodWorker.invokeTestMethods(TestMethodWorker.java:154)\n\tat org.testng.internal.invokers.TestMethodWorker.run(TestMethodWorker.java:134)\n\tat java.base/java.util.ArrayList.forEach(ArrayList.java:1597)\n\tat org.testng.TestRunner.privateRun(TestRunner.java:741)\n\tat org.testng.TestRunner.run(TestRunner.java:616)\n\tat org.testng.SuiteRunner.runTest(SuiteRunner.java:421)\n\tat org.testng.SuiteRunner.runSequentially(SuiteRunner.java:413)\n\tat org.testng.SuiteRunner.privateRun(SuiteRunner.java:373)\n\tat org.testng.SuiteRunner.run(SuiteRunner.java:312)\n\tat org.testng.SuiteRunnerWorker.runSuite(SuiteRunnerWorker.java:52)\n\tat org.testng.SuiteRunnerWorker.run(SuiteRunnerWorker.java:95)\n\tat org.testng.TestNG.runSuitesSequentially(TestNG.java:1274)\n\tat org.testng.TestNG.runSuitesLocally(TestNG.java:1208)\n\tat org.testng.TestNG.runSuites(TestNG.java:1112)\n\tat org.testng.TestNG.run(TestNG.java:1079)\n\tat org.apache.maven.surefire.testng.TestNGExecutor.run(TestNGExecutor.java:308)\n\tat org.apache.maven.surefire.testng.TestNGXmlTestSuite.execute(TestNGXmlTestSuite.java:71)\n\tat org.apache.maven.surefire.testng.TestNGProvider.invoke(TestNGProvider.java:113)\n\tat org.apache.maven.surefire.booter.ForkedBooter.runSuitesInProcess(ForkedBooter.java:385)\n\tat org.apache.maven.surefire.booter.ForkedBooter.execute(ForkedBooter.java:162)\n\tat org.apache.maven.surefire.booter.ForkedBooter.run(ForkedBooter.java:507)\n\tat org.apache.maven.surefire.booter.ForkedBooter.main(ForkedBooter.java:495)\nCaused by: groovy.json.JsonException: Lexing failed on line: 1, column: 1, while reading '<', no possible valid JSON value or punctuation could be recognized.\n\tat groovy.json.JsonLexer.nextToken(JsonLexer.java:86)\n\tat groovy.json.JsonLexer$nextToken.call(Unknown Source)\n\tat io.restassured.internal.path.json.ConfigurableJsonSlurper.parse(ConfigurableJsonSlurper.groovy:97)\n\tat io.restassured.internal.path.json.ConfigurableJsonSlurper$parse.callCurrent(Unknown Source)\n\tat io.restassured.internal.path.json.ConfigurableJsonSlurper.parseText(ConfigurableJsonSlurper.groovy:83)\n\tat io.restassured.path.json.JsonPath$4$1.method(JsonPath.java:965)\n\tat io.restassured.path.json.JsonPath$ExceptionCatcher.invoke(JsonPath.java:1000)\n\t... 36 more\n","steps":[{"name":"LoanId: O6w45oxZM","time":{"start":1772091027155,"stop":1772091027155,"duration":0},"status":"passed","steps":[],"attachments":[],"parameters":[],"shouldDisplayMessage":false,"stepsCount":0,"attachmentsCount":0,"hasContent":false,"attachmentStep":false},{"name":"SoftAssert: Verify Expected Status : 200 - Expected: '200', Actual: '503'","time":{"start":1772091027156,"stop":1772091027156,"duration":0},"status":"passed","steps":[],"attachments":[],"parameters":[{"name":"softAssert","value":"org.testng.asserts.SoftAssert@3fe94bea"},{"name":"actual","value":"503"},{"name":"expected","value":"200"},{"name":"message","value":"Expected Status : 200"}],"shouldDisplayMessage":false,"stepsCount":0,"attachmentsCount":0,"hasContent":true,"attachmentStep":false}],"attachments":[{"uid":"df4c6355268409a5","name":"Response","source":"df4c6355268409a5.json","type":"application/json","size":222}],"parameters":[{"name":"token","value":"eyJhbGciOiJIUzI1NiIsInR5cCI6IkpXVCJ9.eyJ1c2VySWQiOiJCUWxRQmJMVFciLCJzZXNzaW9uSWQiOiJpa0lncktiMk5vWEludVE3WnJZRyIsImp3dElkIjoiQzIzNThQZjNSVkZiczc4ekh3SHIiLCJpYXQiOjE3NzIwOTA3MTUsImV4cCI6MTgwMzYyNjcxNX0.EUOd0-WrQ9zExBcFrBrtVmwt7YxRex3Sxb8ykXWfOe4"},{"name":"LoanId","value":"O6w45oxZM"},{"name":"AutochekApp","value":"dealerplus"}],"shouldDisplayMessage":true,"stepsCount":2,"attachmentsCount":1,"hasContent":true,"attachmentStep":false}],"attachments":[{"uid":"65614ec6458f4ff8","name":"Request Log","source":"65614ec6458f4ff8.json","type":"application/json","size":9147},{"uid":"b2b44b20a21d04ed","name":"Response Log","source":"b2b44b20a21d04ed.json","type":"application/json","size":272389}],"parameters":[],"shouldDisplayMessage":false,"stepsCount":13,"attachmentsCount":7,"hasContent":true,"attachmentStep":false},"afterStages":[],"labels":[{"name":"package","value":"Tests.CarLoan.CarLoanPositive"},{"name":"testClass","value":"Tests.CarLoan.CarLoanPositive"},{"name":"testMethod","value":"CarLoanFlow"},{"name":"parentSuite","value":"API_Regression_Suite"},{"name":"suite","value":"Autochek_End_To_End_Loan_Application"},{"name":"subSuite","value":"Tests.CarLoan.CarLoanPositive"},{"name":"host","value":"runnervmnay03"},{"name":"thread","value":"2407@runnervmnay03.main(1)"},{"name":"framework","value":"testng"},{"name":"language","value":"java"},{"name":"feature","value":"Country - NG"},{"name":"epic","value":"Car Loan Positive Flow"},{"name":"severity","value":"critical"},{"name":"story","value":"Franchise Admin - Salary Earner"},{"name":"resultFormat","value":"allure2"}],"parameters":[{"name":"Description","value":"Loan created by Franchise Admin for user salary earner"},{"name":"Loan Creator","value":"Franchise Admin"},{"name":"Severity","value":"Critical"},{"name":"Type","value":"Positive"},{"name":"User Type","value":"Salary Earner"}],"links":[],"hidden":false,"retry":false,"extra":{"severity":"critical","retries":[],"categories":[{"name":"Test defects","matchedStatuses":[]}],"history":{"statistic":{"failed":9,"broken":2,"skipped":0,"passed":0,"unknown":0,"total":11},"items":[{"uid":"6bd138ad80097f8b","status":"failed","statusDetails":"The following asserts failed:\n\tResponse code of assignInspector should be 200 | Expected: 200, Actual: 401 expected [200] but found [401]","time":{"start":1772022609082,"stop":1772022968422,"duration":359340}},{"uid":"9896e3670e362890","status":"broken","statusDetails":"Failed to parse the JSON document","time":{"start":1772021579544,"stop":1772021579820,"duration":276}},{"uid":"1d51fa4e1feb6447","status":"failed","statusDetails":"The following asserts failed:\n\tResponse code should be 200 | Expected: 200, Actual: 400 expected [200] but found [400]","time":{"start":1772015133766,"stop":1772015504651,"duration":370885}},{"uid":"ed7118244c6b8993","status":"failed","statusDetails":"The following asserts failed:\n\tResponse code of assignInspector should be 200 | Expected: 200, Actual: 401 expected [200] but found [401]","time":{"start":1772013506829,"stop":1772013877008,"duration":370179}},{"uid":"445fa43f46f521fa","status":"failed","statusDetails":"The following asserts failed:\n\tResponse code of assignInspector should be 200 | Expected: 200, Actual: 401 expected [200] but found [401]","time":{"start":1772012342265,"stop":1772012681456,"duration":339191}},{"uid":"dc4e143b6a0260d3","status":"failed","statusDetails":"The following asserts failed:\n\tResponse code of assignInspector should be 200 | Expected: 200, Actual: 401 expected [200] but found [401]","time":{"start":1772004968784,"stop":1772005335500,"duration":366716}},{"uid":"ca4025a99333e21e","status":"failed","statusDetails":"The following asserts failed:\n\tResponse code of assignInspector should be 200 | Expected: 200, Actual: 401 expected [200] but found [401]","time":{"start":1772003515756,"stop":1772003888296,"duration":372540}},{"uid":"af3c40ed95de9434","status":"failed","statusDetails":"The following asserts failed:\n\tResponse code of assignInspector should be 200 | Expected: 200, Actual: 401 expected [200] but found [401]","time":{"start":1772001422620,"stop":1772001770648,"duration":348028}},{"uid":"2904c2584b3ae588","status":"failed","statusDetails":"The following asserts failed:\n\tResponse code of assignInspector should be 200 | Expected: 200, Actual: 401 expected [200] but found [401]","time":{"start":1771919639329,"stop":1771920023751,"duration":384422}},{"uid":"4c51cb8f7cbf8f98","status":"failed","statusDetails":"The following asserts failed:\n\tResponse code of assignInspector should be 200 | Expected: 200, Actual: 401 expected [200] but found [401]","time":{"start":1771917357117,"stop":1771917719529,"duration":362412}}]},"tags":[]},"source":"9f52f0d550cabdcb.json","parameterValues":["Loan created by Franchise Admin for user salary earner","Franchise Admin","Critical","Positive","Salary Earner"]}