{"uid":"8670459148612e82","name":"CreateCar_Form6","fullName":"CreateCar_Form6","historyId":"CreateCar_Form6","time":{"start":1772015588656,"stop":1772015595938,"duration":7282},"status":"passed","flaky":false,"newFailed":false,"newBroken":false,"newPassed":false,"retriesCount":0,"retriesStatusChange":false,"beforeStages":[],"testStage":{"status":"passed","steps":[{"name":"Enter car summary and click Complete","time":{"start":1772015588659,"stop":1772015589149,"duration":490},"status":"passed","steps":[{"name":"This is an automated test car listing created using Selenium automation.","time":{"start":1772015589149,"stop":1772015589149,"duration":0},"status":"passed","steps":[],"attachments":[],"parameters":[],"shouldDisplayMessage":false,"stepsCount":0,"attachmentsCount":0,"hasContent":false,"attachmentStep":false}],"attachments":[],"parameters":[],"shouldDisplayMessage":false,"stepsCount":1,"attachmentsCount":0,"hasContent":true,"attachmentStep":false},{"name":"Scroll page by given pixels","time":{"start":1772015589149,"stop":1772015589163,"duration":14},"status":"passed","steps":[],"attachments":[],"parameters":[{"name":"x","value":"0"},{"name":"y","value":"300"}],"shouldDisplayMessage":false,"stepsCount":0,"attachmentsCount":0,"hasContent":true,"attachmentStep":false},{"name":"Successfully redirected New Car Page","time":{"start":1772015595937,"stop":1772015595937,"duration":0},"status":"passed","steps":[],"attachments":[],"parameters":[],"shouldDisplayMessage":false,"stepsCount":0,"attachmentsCount":0,"hasContent":false,"attachmentStep":false}],"attachments":[{"uid":"befaad078e645a8f","name":"Request Log","source":"befaad078e645a8f.json","type":"application/json","size":0},{"uid":"5dc657f418ec730","name":"Response Log","source":"5dc657f418ec730.json","type":"application/json","size":0}],"parameters":[],"shouldDisplayMessage":false,"stepsCount":4,"attachmentsCount":2,"hasContent":true,"attachmentStep":false},"afterStages":[],"labels":[{"name":"package","value":"EndToEndNigeriaLoanFlowTest.EndToEnd_Nigeria_LoanFlow"},{"name":"testClass","value":"EndToEndNigeriaLoanFlowTest.EndToEnd_Nigeria_LoanFlow"},{"name":"testMethod","value":"CreateCar_Form6"},{"name":"parentSuite","value":"All Test Suite"},{"name":"suite","value":"C:/Selenium/EndToEndLoan_UIAutomation"},{"name":"subSuite","value":"EndToEndNigeriaLoanFlowTest.EndToEnd_Nigeria_LoanFlow"},{"name":"host","value":"runnervmwffz4"},{"name":"thread","value":"2639@runnervmwffz4.main(1)"},{"name":"framework","value":"testng"},{"name":"language","value":"java"},{"name":"severity","value":"normal"},{"name":"resultFormat","value":"allure2"}],"parameters":[],"links":[],"hidden":false,"retry":false,"extra":{"severity":"normal","retries":[],"categories":[],"history":{"statistic":{"failed":0,"broken":2,"skipped":0,"passed":6,"unknown":0,"total":8},"items":[{"uid":"fb1b0caad9b91f2d","status":"passed","time":{"start":1772013972807,"stop":1772013977837,"duration":5030}},{"uid":"72e80baf4a4c4930","status":"broken","statusDetails":"Expected condition failed: waiting for visibility of element found by By.xpath: //h1[text()='Car Summary'], but... org.openqa.selenium.NoSuchElementException: no such element: Unable to locate element: {\"method\":\"xpath\",\"selector\":\"//h1[text()='Car Summary']\"}.\n(tried for 30 seconds with 500 milliseconds interval)\nBuild info: version: '4.41.0', revision: '9fc754f'\nSystem info: os.name: 'Linux', os.arch: 'amd64', os.version: '6.11.0-1018-azure', java.version: '22.0.2'\nDriver info: org.openqa.selenium.chrome.ChromeDriver\nCapabilities {acceptInsecureCerts: false, browserName: chrome, browserVersion: 144.0.7559.109, chrome: {chromedriverVersion: 144.0.7559.133 (7da823b1d59..., userDataDir: /tmp/org.chromium.Chromium....}, fedcm:accounts: true, goog:chromeOptions: {debuggerAddress: localhost:44515}, goog:processID: 2773, networkConnectionEnabled: false, pageLoadStrategy: normal, platformName: linux, proxy: Proxy(), se:cdp: ws://localhost:44515/devtoo..., se:cdpVersion: 144.0.7559.109, setWindowRect: true, strictFileInteractability: false, timeouts: {implicit: 0, pageLoad: 300000, script: 30000}, unhandledPromptBehavior: dismiss and notify, webauthn:extension:credBlob: true, webauthn:extension:largeBlob: true, webauthn:extension:minPinLength: true, webauthn:extension:prf: true, webauthn:virtualAuthenticators: true}\nSession ID: 22c93eb80310b27b70ce945662dd1358","time":{"start":1772012863789,"stop":1772012894934,"duration":31145}},{"uid":"68eb82708507e31d","status":"passed","time":{"start":1772005435310,"stop":1772005440156,"duration":4846}},{"uid":"9c438a81aa6b8ec9","status":"passed","time":{"start":1772003982747,"stop":1772003986528,"duration":3781}},{"uid":"146d1ea5f4aa6a61","status":"passed","time":{"start":1772001853434,"stop":1772001860319,"duration":6885}},{"uid":"f1a7346f7ffed4ae","status":"passed","time":{"start":1771920139813,"stop":1771920149067,"duration":9254}},{"uid":"23db627ca6513756","status":"broken","statusDetails":"Expected condition failed: waiting for visibility of element found by By.xpath: //h1[text()='Car Summary'], but... org.openqa.selenium.NoSuchElementException: no such element: Unable to locate element: {\"method\":\"xpath\",\"selector\":\"//h1[text()='Car Summary']\"}.\n(tried for 30 seconds with 500 milliseconds interval)\nBuild info: version: '4.41.0', revision: '9fc754f'\nSystem info: os.name: 'Linux', os.arch: 'amd64', os.version: '6.11.0-1018-azure', java.version: '22.0.2'\nDriver info: org.openqa.selenium.chrome.ChromeDriver\nCapabilities {acceptInsecureCerts: false, browserName: chrome, browserVersion: 144.0.7559.109, chrome: {chromedriverVersion: 144.0.7559.133 (7da823b1d59..., userDataDir: /tmp/org.chromium.Chromium....}, fedcm:accounts: true, goog:chromeOptions: {debuggerAddress: localhost:40057}, goog:processID: 2790, networkConnectionEnabled: false, pageLoadStrategy: normal, platformName: linux, proxy: Proxy(), se:cdp: ws://localhost:40057/devtoo..., se:cdpVersion: 144.0.7559.109, setWindowRect: true, strictFileInteractability: false, timeouts: {implicit: 0, pageLoad: 300000, script: 30000}, unhandledPromptBehavior: dismiss and notify, webauthn:extension:credBlob: true, webauthn:extension:largeBlob: true, webauthn:extension:minPinLength: true, webauthn:extension:prf: true, webauthn:virtualAuthenticators: true}\nSession ID: 04e0158b0ac629899c88365553bde2c3","time":{"start":1771917976168,"stop":1771918007296,"duration":31128}}]},"tags":[]},"source":"8670459148612e82.json","parameterValues":[]}