{"CreateCar_Form3":{"statistic":{"failed":0,"broken":1,"skipped":0,"passed":3,"unknown":0,"total":4},"items":[{"uid":"b5475ddcedbc7ed8","status":"passed","time":{"start":1772003948744,"stop":1772003973046,"duration":24302}},{"uid":"4d36d9e0c0b9560b","status":"passed","time":{"start":1772001822789,"stop":1772001846651,"duration":23862}},{"uid":"ada71d5a79fad172","status":"passed","time":{"start":1771920088492,"stop":1771920118784,"duration":30292}},{"uid":"61057563421afdb","status":"broken","statusDetails":"no such element: Unable to locate element: {\"method\":\"xpath\",\"selector\":\"//label[contains(text(),'Upload Left Front Image')]/following::input[@id='leftFront-input']\"}\n  (Session info: chrome=144.0.7559.109)\nFor documentation on this error, please visit: https://www.selenium.dev/documentation/webdriver/troubleshooting/errors#nosuchelementexception\nBuild info: version: '4.41.0', revision: '9fc754f'\nSystem info: os.name: 'Linux', os.arch: 'amd64', os.version: '6.11.0-1018-azure', java.version: '22.0.2'\nDriver info: org.openqa.selenium.chrome.ChromeDriver\nCommand: [04e0158b0ac629899c88365553bde2c3, findElement {using=xpath, value=//label[contains(text(),'Upload Left Front Image')]/following::input[@id='leftFront-input']}]\nCapabilities {acceptInsecureCerts: false, browserName: chrome, browserVersion: 144.0.7559.109, chrome: {chromedriverVersion: 144.0.7559.133 (7da823b1d59..., userDataDir: /tmp/org.chromium.Chromium....}, fedcm:accounts: true, goog:chromeOptions: {debuggerAddress: localhost:40057}, goog:processID: 2790, networkConnectionEnabled: false, pageLoadStrategy: normal, platformName: linux, proxy: Proxy(), se:cdp: ws://localhost:40057/devtoo..., se:cdpVersion: 144.0.7559.109, setWindowRect: true, strictFileInteractability: false, timeouts: {implicit: 0, pageLoad: 300000, script: 30000}, unhandledPromptBehavior: dismiss and notify, webauthn:extension:credBlob: true, webauthn:extension:largeBlob: true, webauthn:extension:minPinLength: true, webauthn:extension:prf: true, webauthn:virtualAuthenticators: true}\nSession ID: 04e0158b0ac629899c88365553bde2c3","time":{"start":1771917903772,"stop":1771917913850,"duration":10078}}]},"CreateCar_Form4":{"statistic":{"failed":0,"broken":1,"skipped":0,"passed":3,"unknown":0,"total":4},"items":[{"uid":"11d6ecbdbd48c855","status":"passed","time":{"start":1772003973048,"stop":1772003981411,"duration":8363}},{"uid":"c61aacba9bd8d207","status":"passed","time":{"start":1772001846653,"stop":1772001851852,"duration":5199}},{"uid":"284f5a5993823c0f","status":"passed","time":{"start":1771920118786,"stop":1771920132794,"duration":14008}},{"uid":"e419148f7211f25f","status":"broken","statusDetails":"Expected condition failed: waiting for presence of element found by By.xpath: //label[contains(normalize-space(),'Upload Vehicle License')]/ancestor::div[contains(@class,'relative')]//input[@type='file']\n(tried for 30 seconds with 500 milliseconds interval)\nBuild info: version: '4.41.0', revision: '9fc754f'\nSystem info: os.name: 'Linux', os.arch: 'amd64', os.version: '6.11.0-1018-azure', java.version: '22.0.2'\nDriver info: org.openqa.selenium.chrome.ChromeDriver\nCapabilities {acceptInsecureCerts: false, browserName: chrome, browserVersion: 144.0.7559.109, chrome: {chromedriverVersion: 144.0.7559.133 (7da823b1d59..., userDataDir: /tmp/org.chromium.Chromium....}, fedcm:accounts: true, goog:chromeOptions: {debuggerAddress: localhost:40057}, goog:processID: 2790, networkConnectionEnabled: false, pageLoadStrategy: normal, platformName: linux, proxy: Proxy(), se:cdp: ws://localhost:40057/devtoo..., se:cdpVersion: 144.0.7559.109, setWindowRect: true, strictFileInteractability: false, timeouts: {implicit: 0, pageLoad: 300000, script: 30000}, unhandledPromptBehavior: dismiss and notify, webauthn:extension:credBlob: true, webauthn:extension:largeBlob: true, webauthn:extension:minPinLength: true, webauthn:extension:prf: true, webauthn:virtualAuthenticators: true}\nSession ID: 04e0158b0ac629899c88365553bde2c3","time":{"start":1771917913855,"stop":1771917945016,"duration":31161}}]},"CreateCar_Form5":{"statistic":{"failed":0,"broken":1,"skipped":0,"passed":3,"unknown":0,"total":4},"items":[{"uid":"97cc8f183969b811","status":"passed","time":{"start":1772003981414,"stop":1772003982744,"duration":1330}},{"uid":"7261d57f56629c5d","status":"passed","time":{"start":1772001851855,"stop":1772001853432,"duration":1577}},{"uid":"66e5f10aa309c214","status":"passed","time":{"start":1771920132797,"stop":1771920139811,"duration":7014}},{"uid":"20a414c2737fcc18","status":"broken","statusDetails":"Expected condition failed: waiting for visibility of element found by By.xpath: //h1[text()='Car Features'], but... org.openqa.selenium.NoSuchElementException: no such element: Unable to locate element: {\"method\":\"xpath\",\"selector\":\"//h1[text()='Car Features']\"}.\n(tried for 30 seconds with 500 milliseconds interval)\nBuild info: version: '4.41.0', revision: '9fc754f'\nSystem info: os.name: 'Linux', os.arch: 'amd64', os.version: '6.11.0-1018-azure', java.version: '22.0.2'\nDriver info: org.openqa.selenium.chrome.ChromeDriver\nCapabilities {acceptInsecureCerts: false, browserName: chrome, browserVersion: 144.0.7559.109, chrome: {chromedriverVersion: 144.0.7559.133 (7da823b1d59..., userDataDir: /tmp/org.chromium.Chromium....}, fedcm:accounts: true, goog:chromeOptions: {debuggerAddress: localhost:40057}, goog:processID: 2790, networkConnectionEnabled: false, pageLoadStrategy: normal, platformName: linux, proxy: Proxy(), se:cdp: ws://localhost:40057/devtoo..., se:cdpVersion: 144.0.7559.109, setWindowRect: true, strictFileInteractability: false, timeouts: {implicit: 0, pageLoad: 300000, script: 30000}, unhandledPromptBehavior: dismiss and notify, webauthn:extension:credBlob: true, webauthn:extension:largeBlob: true, webauthn:extension:minPinLength: true, webauthn:extension:prf: true, webauthn:virtualAuthenticators: true}\nSession ID: 04e0158b0ac629899c88365553bde2c3","time":{"start":1771917945021,"stop":1771917976164,"duration":31143}}]},"CreateCar_Form6":{"statistic":{"failed":0,"broken":1,"skipped":0,"passed":3,"unknown":0,"total":4},"items":[{"uid":"9c438a81aa6b8ec9","status":"passed","time":{"start":1772003982747,"stop":1772003986528,"duration":3781}},{"uid":"146d1ea5f4aa6a61","status":"passed","time":{"start":1772001853434,"stop":1772001860319,"duration":6885}},{"uid":"f1a7346f7ffed4ae","status":"passed","time":{"start":1771920139813,"stop":1771920149067,"duration":9254}},{"uid":"23db627ca6513756","status":"broken","statusDetails":"Expected condition failed: waiting for visibility of element found by By.xpath: //h1[text()='Car Summary'], but... org.openqa.selenium.NoSuchElementException: no such element: Unable to locate element: {\"method\":\"xpath\",\"selector\":\"//h1[text()='Car Summary']\"}.\n(tried for 30 seconds with 500 milliseconds interval)\nBuild info: version: '4.41.0', revision: '9fc754f'\nSystem info: os.name: 'Linux', os.arch: 'amd64', os.version: '6.11.0-1018-azure', java.version: '22.0.2'\nDriver info: org.openqa.selenium.chrome.ChromeDriver\nCapabilities {acceptInsecureCerts: false, browserName: chrome, browserVersion: 144.0.7559.109, chrome: {chromedriverVersion: 144.0.7559.133 (7da823b1d59..., userDataDir: /tmp/org.chromium.Chromium....}, fedcm:accounts: true, goog:chromeOptions: {debuggerAddress: localhost:40057}, goog:processID: 2790, networkConnectionEnabled: false, pageLoadStrategy: normal, platformName: linux, proxy: Proxy(), se:cdp: ws://localhost:40057/devtoo..., se:cdpVersion: 144.0.7559.109, setWindowRect: true, strictFileInteractability: false, timeouts: {implicit: 0, pageLoad: 300000, script: 30000}, unhandledPromptBehavior: dismiss and notify, webauthn:extension:credBlob: true, webauthn:extension:largeBlob: true, webauthn:extension:minPinLength: true, webauthn:extension:prf: true, webauthn:virtualAuthenticators: true}\nSession ID: 04e0158b0ac629899c88365553bde2c3","time":{"start":1771917976168,"stop":1771918007296,"duration":31128}}]},"listingCarAPI":{"statistic":{"failed":1,"broken":0,"skipped":0,"passed":3,"unknown":0,"total":4},"items":[{"uid":"71b036f682d202e8","status":"passed","time":{"start":1772003986530,"stop":1772004001602,"duration":15072}},{"uid":"30df507f1c21a646","status":"passed","time":{"start":1772001860322,"stop":1772001872777,"duration":12455}},{"uid":"56b0583b36420a96","status":"passed","time":{"start":1771920149069,"stop":1771920168431,"duration":19362}},{"uid":"b6bda4f8fbb6f6e","status":"failed","statusDetails":"expected [200] but found [404]","time":{"start":1771918007299,"stop":1771918010485,"duration":3186}}]},"ppiCarInspection":{"statistic":{"failed":1,"broken":0,"skipped":0,"passed":3,"unknown":0,"total":4},"items":[{"uid":"64f1097d4b7d2a52","status":"passed","time":{"start":1772004001605,"stop":1772004015685,"duration":14080}},{"uid":"33a46f8d7ec70248","status":"passed","time":{"start":1772001872780,"stop":1772001886958,"duration":14178}},{"uid":"9529e5fd6c3750be","status":"passed","time":{"start":1771920168433,"stop":1771920183048,"duration":14615}},{"uid":"e093bbf8ba33e166","status":"failed","statusDetails":"The following asserts failed:\n\tStatus code | Expected: 200, Actual: 400 expected [200] but found [400]","time":{"start":1771918010488,"stop":1771918036194,"duration":25706}}]},"DealerPlus_CreateCar_Flow":{"statistic":{"failed":0,"broken":0,"skipped":0,"passed":4,"unknown":0,"total":4},"items":[{"uid":"2993ce6a0d0928ac","status":"passed","time":{"start":1772003902618,"stop":1772003920164,"duration":17546}},{"uid":"544b03a810e25760","status":"passed","time":{"start":1772001783003,"stop":1772001801330,"duration":18327}},{"uid":"a88929fda82c9dcc","status":"passed","time":{"start":1771920037349,"stop":1771920057834,"duration":20485}},{"uid":"ee2d7256e267958d","status":"passed","time":{"start":1771917732284,"stop":1771917771914,"duration":39630}}]},"CreateCar_Form1":{"statistic":{"failed":0,"broken":1,"skipped":0,"passed":3,"unknown":0,"total":4},"items":[{"uid":"caf2447bc2020c26","status":"passed","time":{"start":1772003920251,"stop":1772003945089,"duration":24838}},{"uid":"664636db38530231","status":"passed","time":{"start":1772001801420,"stop":1772001819028,"duration":17608}},{"uid":"7a9a649215073d9","status":"passed","time":{"start":1771920057909,"stop":1771920083824,"duration":25915}},{"uid":"777d8ec65f171498","status":"broken","statusDetails":"Expected condition failed: waiting for element ([[ChromeDriver: chrome on linux (04e0158b0ac629899c88365553bde2c3)] -> xpath: //input[@role='combobox' and @placeholder='Select make']]) to become stale\n(tried for 100 seconds with 500 milliseconds interval)\nBuild info: version: '4.41.0', revision: '9fc754f'\nSystem info: os.name: 'Linux', os.arch: 'amd64', os.version: '6.11.0-1018-azure', java.version: '22.0.2'\nDriver info: org.openqa.selenium.chrome.ChromeDriver\nCapabilities {acceptInsecureCerts: false, browserName: chrome, browserVersion: 144.0.7559.109, chrome: {chromedriverVersion: 144.0.7559.133 (7da823b1d59..., userDataDir: /tmp/org.chromium.Chromium....}, fedcm:accounts: true, goog:chromeOptions: {debuggerAddress: localhost:40057}, goog:processID: 2790, networkConnectionEnabled: false, pageLoadStrategy: normal, platformName: linux, proxy: Proxy(), se:cdp: ws://localhost:40057/devtoo..., se:cdpVersion: 144.0.7559.109, setWindowRect: true, strictFileInteractability: false, timeouts: {implicit: 0, pageLoad: 300000, script: 30000}, unhandledPromptBehavior: dismiss and notify, webauthn:extension:credBlob: true, webauthn:extension:largeBlob: true, webauthn:extension:minPinLength: true, webauthn:extension:prf: true, webauthn:virtualAuthenticators: true}\nSession ID: 04e0158b0ac629899c88365553bde2c3","time":{"start":1771917772001,"stop":1771917872620,"duration":100619}}]},"CreateCar_Form2":{"statistic":{"failed":0,"broken":1,"skipped":0,"passed":3,"unknown":0,"total":4},"items":[{"uid":"65d737c8f61d35d6","status":"passed","time":{"start":1772003945094,"stop":1772003948741,"duration":3647}},{"uid":"5a8267b4e8df5c56","status":"passed","time":{"start":1772001819032,"stop":1772001822786,"duration":3754}},{"uid":"57e5240859b4b36a","status":"passed","time":{"start":1771920083828,"stop":1771920088490,"duration":4662}},{"uid":"4bbc1ad32d2066e","status":"broken","statusDetails":"Expected condition failed: waiting for visibility of element found by By.xpath: //label[.//input[@name='ownershipStatus' and @value='self']], but... org.openqa.selenium.NoSuchElementException: no such element: Unable to locate element: {\"method\":\"xpath\",\"selector\":\"//label[.//input[@name='ownershipStatus' and @value='self']]\"}.\n(tried for 30 seconds with 500 milliseconds interval)\nBuild info: version: '4.41.0', revision: '9fc754f'\nSystem info: os.name: 'Linux', os.arch: 'amd64', os.version: '6.11.0-1018-azure', java.version: '22.0.2'\nDriver info: org.openqa.selenium.chrome.ChromeDriver\nCapabilities {acceptInsecureCerts: false, browserName: chrome, browserVersion: 144.0.7559.109, chrome: {chromedriverVersion: 144.0.7559.133 (7da823b1d59..., userDataDir: /tmp/org.chromium.Chromium....}, fedcm:accounts: true, goog:chromeOptions: {debuggerAddress: localhost:40057}, goog:processID: 2790, networkConnectionEnabled: false, pageLoadStrategy: normal, platformName: linux, proxy: Proxy(), se:cdp: ws://localhost:40057/devtoo..., se:cdpVersion: 144.0.7559.109, setWindowRect: true, strictFileInteractability: false, timeouts: {implicit: 0, pageLoad: 300000, script: 30000}, unhandledPromptBehavior: dismiss and notify, webauthn:extension:credBlob: true, webauthn:extension:largeBlob: true, webauthn:extension:minPinLength: true, webauthn:extension:prf: true, webauthn:virtualAuthenticators: true}\nSession ID: 04e0158b0ac629899c88365553bde2c3","time":{"start":1771917872627,"stop":1771917903767,"duration":31140}}]}}