{"uid":"b194a82b36431f02","name":"DealerPlus_CreateCar_Flow","fullName":"DealerPlus_CreateCar_Flow","historyId":"DealerPlus_CreateCar_Flow","time":{"start":1772188760017,"stop":1772188771056,"duration":11039},"status":"passed","flaky":false,"newFailed":false,"newBroken":false,"newPassed":false,"retriesCount":0,"retriesStatusChange":false,"beforeStages":[],"testStage":{"status":"passed","steps":[{"name":"DealerPlus Login Flow","time":{"start":1772188764872,"stop":1772188769022,"duration":4150},"status":"passed","steps":[{"name":"DealerPlus Login Sucessfully","time":{"start":1772188768401,"stop":1772188768401,"duration":0},"status":"passed","steps":[],"attachments":[],"parameters":[],"shouldDisplayMessage":false,"stepsCount":0,"attachmentsCount":0,"hasContent":false,"attachmentStep":false},{"name":"DealerPlus Dashboard successfully visible","time":{"start":1772188769022,"stop":1772188769022,"duration":0},"status":"passed","steps":[],"attachments":[],"parameters":[],"shouldDisplayMessage":false,"stepsCount":0,"attachmentsCount":0,"hasContent":false,"attachmentStep":false}],"attachments":[],"parameters":[{"name":"MT940AdminUserName","value":"pavanagundla.jayanth+100automobile@frugaltesting.com"},{"name":"MT940AdminPassword","value":"Autochek@123"}],"shouldDisplayMessage":false,"stepsCount":2,"attachmentsCount":0,"hasContent":true,"attachmentStep":false},{"name":"DealerPlus Create Car Flow","time":{"start":1772188769022,"stop":1772188771046,"duration":2024},"status":"passed","steps":[{"name":"Successfully navigated Create New Car form","time":{"start":1772188771046,"stop":1772188771046,"duration":0},"status":"passed","steps":[],"attachments":[],"parameters":[],"shouldDisplayMessage":false,"stepsCount":0,"attachmentsCount":0,"hasContent":false,"attachmentStep":false}],"attachments":[],"parameters":[],"shouldDisplayMessage":false,"stepsCount":1,"attachmentsCount":0,"hasContent":true,"attachmentStep":false}],"attachments":[{"uid":"3bc2c7264e7f0688","name":"Request Log","source":"3bc2c7264e7f0688.json","type":"application/json","size":0},{"uid":"d77855a0b271a2cc","name":"Response Log","source":"d77855a0b271a2cc.json","type":"application/json","size":0}],"parameters":[],"shouldDisplayMessage":false,"stepsCount":5,"attachmentsCount":2,"hasContent":true,"attachmentStep":false},"afterStages":[],"labels":[{"name":"package","value":"EndToEndNigeriaLoanFlowTest.EndToEnd_Nigeria_LoanFlow"},{"name":"testClass","value":"EndToEndNigeriaLoanFlowTest.EndToEnd_Nigeria_LoanFlow"},{"name":"testMethod","value":"DealerPlus_CreateCar_Flow"},{"name":"parentSuite","value":"All Test Suite"},{"name":"suite","value":"C:/Selenium/EndToEndLoan_UIAutomation"},{"name":"subSuite","value":"EndToEndNigeriaLoanFlowTest.EndToEnd_Nigeria_LoanFlow"},{"name":"host","value":"runnervmnay03"},{"name":"thread","value":"2654@runnervmnay03.main(1)"},{"name":"framework","value":"testng"},{"name":"language","value":"java"},{"name":"story","value":"DealerPlus Car Creation Flow"},{"name":"severity","value":"minor"},{"name":"resultFormat","value":"allure2"}],"parameters":[],"links":[],"hidden":false,"retry":false,"extra":{"severity":"minor","retries":[],"categories":[],"history":{"statistic":{"failed":0,"broken":4,"skipped":0,"passed":18,"unknown":0,"total":22},"items":[{"uid":"bc6d7cc95174fff9","status":"passed","time":{"start":1772186585114,"stop":1772186605437,"duration":20323}},{"uid":"f8bb35a14f76a78e","status":"passed","time":{"start":1772184011152,"stop":1772184026556,"duration":15404}},{"uid":"fba5ce187fda8cb2","status":"passed","time":{"start":1772179776547,"stop":1772179793946,"duration":17399}},{"uid":"539ae09460f9e057","status":"passed","time":{"start":1772178276843,"stop":1772178288797,"duration":11954}},{"uid":"98634743d32c4c1","status":"broken","statusDetails":"Expected condition failed: waiting for element found by By.xpath: //h1[normalize-space()='About You'] to be clickable, but the element was not found: org.openqa.selenium.NoSuchElementException: no such element: Unable to locate element: {\"method\":\"xpath\",\"selector\":\"//h1[normalize-space()='About You']\"}.\n(tried for 30 seconds with 500 milliseconds interval)\nBuild info: version: '4.41.0', revision: '9fc754f'\nSystem info: os.name: 'Linux', os.arch: 'amd64', os.version: '6.14.0-1017-azure', java.version: '22.0.2'\nDriver info: org.openqa.selenium.chrome.ChromeDriver\nCapabilities {acceptInsecureCerts: false, browserName: chrome, browserVersion: 145.0.7632.116, chrome: {chromedriverVersion: 145.0.7632.117 (de4e5d6e13b..., userDataDir: /tmp/org.chromium.Chromium....}, fedcm:accounts: true, goog:chromeOptions: {debuggerAddress: localhost:42591}, goog:processID: 2655, networkConnectionEnabled: false, pageLoadStrategy: normal, platformName: linux, proxy: Proxy(), se:cdp: ws://localhost:42591/devtoo..., se:cdpVersion: 145.0.7632.116, setWindowRect: true, strictFileInteractability: false, timeouts: {implicit: 0, pageLoad: 300000, script: 30000}, unhandledPromptBehavior: dismiss and notify, webauthn:extension:credBlob: true, webauthn:extension:largeBlob: true, webauthn:extension:minPinLength: true, webauthn:extension:prf: true, webauthn:virtualAuthenticators: true}\nSession ID: 43230bbcff4dcc6256de70155598d0b6","time":{"start":1772177052632,"stop":1772177095138,"duration":42506}},{"uid":"bcf438628aeb8e0f","status":"passed","time":{"start":1772099362793,"stop":1772099378704,"duration":15911}},{"uid":"63d076ce226b21ad","status":"broken","statusDetails":"Expected condition failed: waiting for element found by By.xpath: //button[contains(@class,'hover:opacity-70')] to be clickable, but the element was not found: org.openqa.selenium.NoSuchElementException: no such element: Unable to locate element: {\"method\":\"xpath\",\"selector\":\"//button[contains(@class,'hover:opacity-70')]\"}.\n(tried for 30 seconds with 500 milliseconds interval)\nBuild info: version: '4.41.0', revision: '9fc754f'\nSystem info: os.name: 'Linux', os.arch: 'amd64', os.version: '6.14.0-1017-azure', java.version: '22.0.2'\nDriver info: org.openqa.selenium.chrome.ChromeDriver\nCapabilities {acceptInsecureCerts: false, browserName: chrome, browserVersion: 145.0.7632.116, chrome: {chromedriverVersion: 145.0.7632.117 (de4e5d6e13b..., userDataDir: /tmp/org.chromium.Chromium....}, fedcm:accounts: true, goog:chromeOptions: {debuggerAddress: localhost:43093}, goog:processID: 2675, networkConnectionEnabled: false, pageLoadStrategy: normal, platformName: linux, proxy: Proxy(), se:cdp: ws://localhost:43093/devtoo..., se:cdpVersion: 145.0.7632.116, setWindowRect: true, strictFileInteractability: false, timeouts: {implicit: 0, pageLoad: 300000, script: 30000}, unhandledPromptBehavior: dismiss and notify, webauthn:extension:credBlob: true, webauthn:extension:largeBlob: true, webauthn:extension:minPinLength: true, webauthn:extension:prf: true, webauthn:virtualAuthenticators: true}\nSession ID: 5a81c9678402af5efcdffc2f92b626a5","time":{"start":1772098161902,"stop":1772098207397,"duration":45495}},{"uid":"49a76e3d4d127ef5","status":"broken","statusDetails":"Expected condition failed: waiting for element found by By.xpath: //h1[normalize-space()='About You'] to be clickable, but the element was not found: org.openqa.selenium.NoSuchElementException: no such element: Unable to locate element: {\"method\":\"xpath\",\"selector\":\"//h1[normalize-space()='About You']\"}.\n(tried for 30 seconds with 500 milliseconds interval)\nBuild info: version: '4.41.0', revision: '9fc754f'\nSystem info: os.name: 'Linux', os.arch: 'amd64', os.version: '6.14.0-1017-azure', java.version: '22.0.2'\nDriver info: org.openqa.selenium.chrome.ChromeDriver\nCapabilities {acceptInsecureCerts: false, browserName: chrome, browserVersion: 145.0.7632.116, chrome: {chromedriverVersion: 145.0.7632.117 (de4e5d6e13b..., userDataDir: /tmp/org.chromium.Chromium....}, fedcm:accounts: true, goog:chromeOptions: {debuggerAddress: localhost:39781}, goog:processID: 2571, networkConnectionEnabled: false, pageLoadStrategy: normal, platformName: linux, proxy: Proxy(), se:cdp: ws://localhost:39781/devtoo..., se:cdpVersion: 145.0.7632.116, setWindowRect: true, strictFileInteractability: false, timeouts: {implicit: 0, pageLoad: 300000, script: 30000}, unhandledPromptBehavior: dismiss and notify, webauthn:extension:credBlob: true, webauthn:extension:largeBlob: true, webauthn:extension:minPinLength: true, webauthn:extension:prf: true, webauthn:virtualAuthenticators: true}\nSession ID: e6a2f4ecd411d8fc3881b6d871bae442","time":{"start":1772095016378,"stop":1772095059504,"duration":43126}},{"uid":"fbf45ffcf294ce8a","status":"passed","time":{"start":1772093612414,"stop":1772093628228,"duration":15814}},{"uid":"b31938203fbebd4","status":"passed","time":{"start":1772092576035,"stop":1772092597745,"duration":21710}},{"uid":"63ae3c9f19d062a0","status":"broken","statusDetails":"Expected condition failed: waiting for element found by By.xpath: //h1[normalize-space()='About You'] to be clickable, but the element was not found: org.openqa.selenium.NoSuchElementException: no such element: Unable to locate element: {\"method\":\"xpath\",\"selector\":\"//h1[normalize-space()='About You']\"}.\n(tried for 30 seconds with 500 milliseconds interval)\nBuild info: version: '4.41.0', revision: '9fc754f'\nSystem info: os.name: 'Linux', os.arch: 'amd64', os.version: '6.14.0-1017-azure', java.version: '22.0.2'\nDriver info: org.openqa.selenium.chrome.ChromeDriver\nCapabilities {acceptInsecureCerts: false, browserName: chrome, browserVersion: 145.0.7632.116, chrome: {chromedriverVersion: 145.0.7632.117 (de4e5d6e13b..., userDataDir: /tmp/org.chromium.Chromium....}, fedcm:accounts: true, goog:chromeOptions: {debuggerAddress: localhost:39689}, goog:processID: 2763, networkConnectionEnabled: false, pageLoadStrategy: normal, platformName: linux, proxy: Proxy(), se:cdp: ws://localhost:39689/devtoo..., se:cdpVersion: 145.0.7632.116, setWindowRect: true, strictFileInteractability: false, timeouts: {implicit: 0, pageLoad: 300000, script: 30000}, unhandledPromptBehavior: dismiss and notify, webauthn:extension:credBlob: true, webauthn:extension:largeBlob: true, webauthn:extension:minPinLength: true, webauthn:extension:prf: true, webauthn:virtualAuthenticators: true}\nSession ID: d174c675c895e52afbce55e448b973c8","time":{"start":1772091041824,"stop":1772091079060,"duration":37236}},{"uid":"d7a132b276d315c3","status":"passed","time":{"start":1772022983293,"stop":1772022999751,"duration":16458}},{"uid":"818cd40f23df7aca","status":"passed","time":{"start":1772021594009,"stop":1772021618460,"duration":24451}},{"uid":"302dc528c5339e04","status":"passed","time":{"start":1772015516404,"stop":1772015531607,"duration":15203}},{"uid":"70b9bcbc60a3d2ca","status":"passed","time":{"start":1772013890084,"stop":1772013911811,"duration":21727}},{"uid":"a7e72fedf9b45d6d","status":"passed","time":{"start":1772012693118,"stop":1772012712433,"duration":19315}},{"uid":"14cff1f2ad087944","status":"passed","time":{"start":1772005350827,"stop":1772005368377,"duration":17550}},{"uid":"2993ce6a0d0928ac","status":"passed","time":{"start":1772003902618,"stop":1772003920164,"duration":17546}},{"uid":"544b03a810e25760","status":"passed","time":{"start":1772001783003,"stop":1772001801330,"duration":18327}},{"uid":"a88929fda82c9dcc","status":"passed","time":{"start":1771920037349,"stop":1771920057834,"duration":20485}}]},"tags":[]},"source":"b194a82b36431f02.json","parameterValues":[]}