{"uid":"e610a06118dafc62","name":"CreateCar_Form5","fullName":"CreateCar_Form5","historyId":"CreateCar_Form5","time":{"start":1772186673220,"stop":1772186674610,"duration":1390},"status":"passed","flaky":false,"newFailed":false,"newBroken":false,"newPassed":false,"retriesCount":0,"retriesStatusChange":false,"beforeStages":[],"testStage":{"status":"passed","steps":[{"name":"In Create car - Filling Form 5","time":{"start":1772186673224,"stop":1772186673735,"duration":511},"status":"passed","steps":[{"name":"Car Features page appeared","time":{"start":1772186673242,"stop":1772186673242,"duration":0},"status":"passed","steps":[],"attachments":[],"parameters":[],"shouldDisplayMessage":false,"stepsCount":0,"attachmentsCount":0,"hasContent":false,"attachmentStep":false},{"name":"Selected checkbox: feature-Front Air Bags: 1st Row (Driver and Passenger)","time":{"start":1772186673371,"stop":1772186673371,"duration":0},"status":"passed","steps":[],"attachments":[],"parameters":[],"shouldDisplayMessage":false,"stepsCount":0,"attachmentsCount":0,"hasContent":false,"attachmentStep":false},{"name":"Selected checkbox: feature-Security System","time":{"start":1772186673466,"stop":1772186673466,"duration":0},"status":"passed","steps":[],"attachments":[],"parameters":[],"shouldDisplayMessage":false,"stepsCount":0,"attachmentsCount":0,"hasContent":false,"attachmentStep":false},{"name":"Selected checkbox: feature-Dual-Clutch Transmissions","time":{"start":1772186673552,"stop":1772186673553,"duration":1},"status":"passed","steps":[],"attachments":[],"parameters":[],"shouldDisplayMessage":false,"stepsCount":0,"attachmentsCount":0,"hasContent":false,"attachmentStep":false},{"name":"Selected checkbox: feature-Door Glass","time":{"start":1772186673654,"stop":1772186673654,"duration":0},"status":"passed","steps":[],"attachments":[],"parameters":[],"shouldDisplayMessage":false,"stepsCount":0,"attachmentsCount":0,"hasContent":false,"attachmentStep":false},{"name":"Selected checkbox: feature-Parking Sensor","time":{"start":1772186673735,"stop":1772186673735,"duration":0},"status":"passed","steps":[],"attachments":[],"parameters":[],"shouldDisplayMessage":false,"stepsCount":0,"attachmentsCount":0,"hasContent":false,"attachmentStep":false}],"attachments":[],"parameters":[],"shouldDisplayMessage":false,"stepsCount":6,"attachmentsCount":0,"hasContent":true,"attachmentStep":false},{"name":"Successfully redirected create car form 6","time":{"start":1772186674609,"stop":1772186674609,"duration":0},"status":"passed","steps":[],"attachments":[],"parameters":[],"shouldDisplayMessage":false,"stepsCount":0,"attachmentsCount":0,"hasContent":false,"attachmentStep":false}],"attachments":[{"uid":"a566ba8136766473","name":"Request Log","source":"a566ba8136766473.json","type":"application/json","size":0},{"uid":"bd4b23dd0d5ab71","name":"Response Log","source":"bd4b23dd0d5ab71.json","type":"application/json","size":0}],"parameters":[],"shouldDisplayMessage":false,"stepsCount":8,"attachmentsCount":2,"hasContent":true,"attachmentStep":false},"afterStages":[],"labels":[{"name":"package","value":"EndToEndNigeriaLoanFlowTest.EndToEnd_Nigeria_LoanFlow"},{"name":"testClass","value":"EndToEndNigeriaLoanFlowTest.EndToEnd_Nigeria_LoanFlow"},{"name":"testMethod","value":"CreateCar_Form5"},{"name":"parentSuite","value":"All Test Suite"},{"name":"suite","value":"C:/Selenium/EndToEndLoan_UIAutomation"},{"name":"subSuite","value":"EndToEndNigeriaLoanFlowTest.EndToEnd_Nigeria_LoanFlow"},{"name":"host","value":"runnervmnay03"},{"name":"thread","value":"2689@runnervmnay03.main(1)"},{"name":"framework","value":"testng"},{"name":"language","value":"java"},{"name":"severity","value":"minor"},{"name":"resultFormat","value":"allure2"}],"parameters":[],"links":[],"hidden":false,"retry":false,"extra":{"severity":"minor","retries":[],"categories":[],"history":{"statistic":{"failed":0,"broken":7,"skipped":0,"passed":14,"unknown":0,"total":21},"items":[{"uid":"fbb71d5c5ee0741d","status":"passed","time":{"start":1772184089518,"stop":1772184090949,"duration":1431}},{"uid":"257bd6d35e9c3fd2","status":"passed","time":{"start":1772179853252,"stop":1772179854551,"duration":1299}},{"uid":"8075065e22a4ade3","status":"passed","time":{"start":1772178361502,"stop":1772178362833,"duration":1331}},{"uid":"bc7b159df116b22e","status":"broken","statusDetails":"Expected condition failed: waiting for visibility of element found by By.xpath: //h1[text()='Car Features'], but... org.openqa.selenium.NoSuchElementException: no such element: Unable to locate element: {\"method\":\"xpath\",\"selector\":\"//h1[text()='Car Features']\"}.\n(tried for 30 seconds with 500 milliseconds interval)\nBuild info: version: '4.41.0', revision: '9fc754f'\nSystem info: os.name: 'Linux', os.arch: 'amd64', os.version: '6.14.0-1017-azure', java.version: '22.0.2'\nDriver info: org.openqa.selenium.chrome.ChromeDriver\nCapabilities {acceptInsecureCerts: false, browserName: chrome, browserVersion: 145.0.7632.116, chrome: {chromedriverVersion: 145.0.7632.117 (de4e5d6e13b..., userDataDir: /tmp/org.chromium.Chromium....}, fedcm:accounts: true, goog:chromeOptions: {debuggerAddress: localhost:42591}, goog:processID: 2655, networkConnectionEnabled: false, pageLoadStrategy: normal, platformName: linux, proxy: Proxy(), se:cdp: ws://localhost:42591/devtoo..., se:cdpVersion: 145.0.7632.116, setWindowRect: true, strictFileInteractability: false, timeouts: {implicit: 0, pageLoad: 300000, script: 30000}, unhandledPromptBehavior: dismiss and notify, webauthn:extension:credBlob: true, webauthn:extension:largeBlob: true, webauthn:extension:minPinLength: true, webauthn:extension:prf: true, webauthn:virtualAuthenticators: true}\nSession ID: 43230bbcff4dcc6256de70155598d0b6","time":{"start":1772177198797,"stop":1772177229924,"duration":31127}},{"uid":"89f5dbbedf1b27ff","status":"passed","time":{"start":1772099437725,"stop":1772099439019,"duration":1294}},{"uid":"8f5ac495c7df8b90","status":"broken","statusDetails":"Expected condition failed: waiting for visibility of element found by By.xpath: //h1[text()='Car Features'], but... org.openqa.selenium.NoSuchElementException: no such element: Unable to locate element: {\"method\":\"xpath\",\"selector\":\"//h1[text()='Car Features']\"}.\n(tried for 30 seconds with 500 milliseconds interval)\nBuild info: version: '4.41.0', revision: '9fc754f'\nSystem info: os.name: 'Linux', os.arch: 'amd64', os.version: '6.14.0-1017-azure', java.version: '22.0.2'\nDriver info: org.openqa.selenium.chrome.ChromeDriver\nCapabilities {acceptInsecureCerts: false, browserName: chrome, browserVersion: 145.0.7632.116, chrome: {chromedriverVersion: 145.0.7632.117 (de4e5d6e13b..., userDataDir: /tmp/org.chromium.Chromium....}, fedcm:accounts: true, goog:chromeOptions: {debuggerAddress: localhost:43093}, goog:processID: 2675, networkConnectionEnabled: false, pageLoadStrategy: normal, platformName: linux, proxy: Proxy(), se:cdp: ws://localhost:43093/devtoo..., se:cdpVersion: 145.0.7632.116, setWindowRect: true, strictFileInteractability: false, timeouts: {implicit: 0, pageLoad: 300000, script: 30000}, unhandledPromptBehavior: dismiss and notify, webauthn:extension:credBlob: true, webauthn:extension:largeBlob: true, webauthn:extension:minPinLength: true, webauthn:extension:prf: true, webauthn:virtualAuthenticators: true}\nSession ID: 5a81c9678402af5efcdffc2f92b626a5","time":{"start":1772098311038,"stop":1772098342232,"duration":31194}},{"uid":"8cdb59991ca57293","status":"broken","statusDetails":"Expected condition failed: waiting for visibility of element found by By.xpath: //h1[text()='Car Features'], but... org.openqa.selenium.NoSuchElementException: no such element: Unable to locate element: {\"method\":\"xpath\",\"selector\":\"//h1[text()='Car Features']\"}.\n(tried for 30 seconds with 500 milliseconds interval)\nBuild info: version: '4.41.0', revision: '9fc754f'\nSystem info: os.name: 'Linux', os.arch: 'amd64', os.version: '6.14.0-1017-azure', java.version: '22.0.2'\nDriver info: org.openqa.selenium.chrome.ChromeDriver\nCapabilities {acceptInsecureCerts: false, browserName: chrome, browserVersion: 145.0.7632.116, chrome: {chromedriverVersion: 145.0.7632.117 (de4e5d6e13b..., userDataDir: /tmp/org.chromium.Chromium....}, fedcm:accounts: true, goog:chromeOptions: {debuggerAddress: localhost:39781}, goog:processID: 2571, networkConnectionEnabled: false, pageLoadStrategy: normal, platformName: linux, proxy: Proxy(), se:cdp: ws://localhost:39781/devtoo..., se:cdpVersion: 145.0.7632.116, setWindowRect: true, strictFileInteractability: false, timeouts: {implicit: 0, pageLoad: 300000, script: 30000}, unhandledPromptBehavior: dismiss and notify, webauthn:extension:credBlob: true, webauthn:extension:largeBlob: true, webauthn:extension:minPinLength: true, webauthn:extension:prf: true, webauthn:virtualAuthenticators: true}\nSession ID: e6a2f4ecd411d8fc3881b6d871bae442","time":{"start":1772095163180,"stop":1772095194373,"duration":31193}},{"uid":"5a0003c562634d6f","status":"passed","time":{"start":1772093689465,"stop":1772093690744,"duration":1279}},{"uid":"b96aa2f7a1c2654c","status":"passed","time":{"start":1772092664741,"stop":1772092666207,"duration":1466}},{"uid":"64c7b284fb8c3af2","status":"broken","statusDetails":"Expected condition failed: waiting for visibility of element found by By.xpath: //h1[text()='Car Features'], but... org.openqa.selenium.NoSuchElementException: no such element: Unable to locate element: {\"method\":\"xpath\",\"selector\":\"//h1[text()='Car Features']\"}.\n(tried for 30 seconds with 500 milliseconds interval)\nBuild info: version: '4.41.0', revision: '9fc754f'\nSystem info: os.name: 'Linux', os.arch: 'amd64', os.version: '6.14.0-1017-azure', java.version: '22.0.2'\nDriver info: org.openqa.selenium.chrome.ChromeDriver\nCapabilities {acceptInsecureCerts: false, browserName: chrome, browserVersion: 145.0.7632.116, chrome: {chromedriverVersion: 145.0.7632.117 (de4e5d6e13b..., userDataDir: /tmp/org.chromium.Chromium....}, fedcm:accounts: true, goog:chromeOptions: {debuggerAddress: localhost:39689}, goog:processID: 2763, networkConnectionEnabled: false, pageLoadStrategy: normal, platformName: linux, proxy: Proxy(), se:cdp: ws://localhost:39689/devtoo..., se:cdpVersion: 145.0.7632.116, setWindowRect: true, strictFileInteractability: false, timeouts: {implicit: 0, pageLoad: 300000, script: 30000}, unhandledPromptBehavior: dismiss and notify, webauthn:extension:credBlob: true, webauthn:extension:largeBlob: true, webauthn:extension:minPinLength: true, webauthn:extension:prf: true, webauthn:virtualAuthenticators: true}\nSession ID: d174c675c895e52afbce55e448b973c8","time":{"start":1772091182653,"stop":1772091213814,"duration":31161}},{"uid":"57b9b1b9259d5110","status":"passed","time":{"start":1772023066239,"stop":1772023067609,"duration":1370}},{"uid":"10a91b43f3c1a7e1","status":"broken","statusDetails":"Expected condition failed: waiting for visibility of element found by By.xpath: //h1[text()='Car Features'], but... org.openqa.selenium.NoSuchElementException: no such element: Unable to locate element: {\"method\":\"xpath\",\"selector\":\"//h1[text()='Car Features']\"}.\n(tried for 30 seconds with 500 milliseconds interval)\nBuild info: version: '4.41.0', revision: '9fc754f'\nSystem info: os.name: 'Linux', os.arch: 'amd64', os.version: '6.11.0-1018-azure', java.version: '22.0.2'\nDriver info: org.openqa.selenium.chrome.ChromeDriver\nCapabilities {acceptInsecureCerts: false, browserName: chrome, browserVersion: 144.0.7559.109, chrome: {chromedriverVersion: 144.0.7559.133 (7da823b1d59..., userDataDir: /tmp/org.chromium.Chromium....}, fedcm:accounts: true, goog:chromeOptions: {debuggerAddress: localhost:33457}, goog:processID: 2550, networkConnectionEnabled: false, pageLoadStrategy: normal, platformName: linux, proxy: Proxy(), se:cdp: ws://localhost:33457/devtoo..., se:cdpVersion: 144.0.7559.109, setWindowRect: true, strictFileInteractability: false, timeouts: {implicit: 0, pageLoad: 300000, script: 30000}, unhandledPromptBehavior: dismiss and notify, webauthn:extension:credBlob: true, webauthn:extension:largeBlob: true, webauthn:extension:minPinLength: true, webauthn:extension:prf: true, webauthn:virtualAuthenticators: true}\nSession ID: 1a8a668fd2681cefb6b3c3bed941fd47","time":{"start":1772021791513,"stop":1772021822625,"duration":31112}},{"uid":"6a9ddf6b0e281d31","status":"passed","time":{"start":1772015587307,"stop":1772015588654,"duration":1347}},{"uid":"b1ffcc5c54b03ef","status":"passed","time":{"start":1772013971480,"stop":1772013972805,"duration":1325}},{"uid":"f1e3d5d5f778310","status":"broken","statusDetails":"Expected condition failed: waiting for visibility of element found by By.xpath: //h1[text()='Car Features'], but... org.openqa.selenium.NoSuchElementException: no such element: Unable to locate element: {\"method\":\"xpath\",\"selector\":\"//h1[text()='Car Features']\"}.\n(tried for 30 seconds with 500 milliseconds interval)\nBuild info: version: '4.41.0', revision: '9fc754f'\nSystem info: os.name: 'Linux', os.arch: 'amd64', os.version: '6.11.0-1018-azure', java.version: '22.0.2'\nDriver info: org.openqa.selenium.chrome.ChromeDriver\nCapabilities {acceptInsecureCerts: false, browserName: chrome, browserVersion: 144.0.7559.109, chrome: {chromedriverVersion: 144.0.7559.133 (7da823b1d59..., userDataDir: /tmp/org.chromium.Chromium....}, fedcm:accounts: true, goog:chromeOptions: {debuggerAddress: localhost:44515}, goog:processID: 2773, networkConnectionEnabled: false, pageLoadStrategy: normal, platformName: linux, proxy: Proxy(), se:cdp: ws://localhost:44515/devtoo..., se:cdpVersion: 144.0.7559.109, setWindowRect: true, strictFileInteractability: false, timeouts: {implicit: 0, pageLoad: 300000, script: 30000}, unhandledPromptBehavior: dismiss and notify, webauthn:extension:credBlob: true, webauthn:extension:largeBlob: true, webauthn:extension:minPinLength: true, webauthn:extension:prf: true, webauthn:virtualAuthenticators: true}\nSession ID: 22c93eb80310b27b70ce945662dd1358","time":{"start":1772012832641,"stop":1772012863786,"duration":31145}},{"uid":"c123b1de38c9a8fd","status":"passed","time":{"start":1772005433826,"stop":1772005435307,"duration":1481}},{"uid":"97cc8f183969b811","status":"passed","time":{"start":1772003981414,"stop":1772003982744,"duration":1330}},{"uid":"7261d57f56629c5d","status":"passed","time":{"start":1772001851855,"stop":1772001853432,"duration":1577}},{"uid":"66e5f10aa309c214","status":"passed","time":{"start":1771920132797,"stop":1771920139811,"duration":7014}},{"uid":"20a414c2737fcc18","status":"broken","statusDetails":"Expected condition failed: waiting for visibility of element found by By.xpath: //h1[text()='Car Features'], but... org.openqa.selenium.NoSuchElementException: no such element: Unable to locate element: {\"method\":\"xpath\",\"selector\":\"//h1[text()='Car Features']\"}.\n(tried for 30 seconds with 500 milliseconds interval)\nBuild info: version: '4.41.0', revision: '9fc754f'\nSystem info: os.name: 'Linux', os.arch: 'amd64', os.version: '6.11.0-1018-azure', java.version: '22.0.2'\nDriver info: org.openqa.selenium.chrome.ChromeDriver\nCapabilities {acceptInsecureCerts: false, browserName: chrome, browserVersion: 144.0.7559.109, chrome: {chromedriverVersion: 144.0.7559.133 (7da823b1d59..., userDataDir: /tmp/org.chromium.Chromium....}, fedcm:accounts: true, goog:chromeOptions: {debuggerAddress: localhost:40057}, goog:processID: 2790, networkConnectionEnabled: false, pageLoadStrategy: normal, platformName: linux, proxy: Proxy(), se:cdp: ws://localhost:40057/devtoo..., se:cdpVersion: 144.0.7559.109, setWindowRect: true, strictFileInteractability: false, timeouts: {implicit: 0, pageLoad: 300000, script: 30000}, unhandledPromptBehavior: dismiss and notify, webauthn:extension:credBlob: true, webauthn:extension:largeBlob: true, webauthn:extension:minPinLength: true, webauthn:extension:prf: true, webauthn:virtualAuthenticators: true}\nSession ID: 04e0158b0ac629899c88365553bde2c3","time":{"start":1771917945021,"stop":1771917976164,"duration":31143}}]},"tags":[]},"source":"e610a06118dafc62.json","parameterValues":[]}