{"uid":"f8e17089f4a443c3","name":"CarLoanFlow - Loan created by Franchise Admin for user salary earner","fullName":"CarLoanFlow - Loan created by Franchise Admin for user salary earner","historyId":"CarLoanFlow - Loan created by Franchise Admin for user salary earner","time":{"start":1772098148426,"stop":1772098149984,"duration":1558},"status":"failed","statusMessage":"The following asserts failed:\n\tStatus code | Expected: 200, Actual: 401 expected [200] but found [401]","statusTrace":"java.lang.AssertionError: The following asserts failed:\n\tStatus code | Expected: 200, Actual: 401 expected [200] but found [401]\n\tat org.testng.asserts.SoftAssert.assertAll(SoftAssert.java:46)\n\tat org.testng.asserts.SoftAssert.assertAll(SoftAssert.java:30)\n\tat APIs.InventoryService.getCarDetails(InventoryService.java:80)\n\tat Tests.CarLoan.CarLoanPositive.CarLoanFlow(CarLoanPositive.java:96)\n\tat java.base/jdk.internal.reflect.DirectMethodHandleAccessor.invoke(DirectMethodHandleAccessor.java:103)\n\tat java.base/java.lang.reflect.Method.invoke(Method.java:580)\n\tat org.testng.internal.invokers.MethodInvocationHelper.invokeMethod(MethodInvocationHelper.java:141)\n\tat org.testng.internal.invokers.TestInvoker.invokeMethod(TestInvoker.java:687)\n\tat org.testng.internal.invokers.TestInvoker.invokeTestMethod(TestInvoker.java:230)\n\tat org.testng.internal.invokers.MethodRunner.runInSequence(MethodRunner.java:63)\n\tat org.testng.internal.invokers.TestInvoker$MethodInvocationAgent.invoke(TestInvoker.java:995)\n\tat org.testng.internal.invokers.TestInvoker.invokeTestMethods(TestInvoker.java:203)\n\tat org.testng.internal.invokers.TestMethodWorker.invokeTestMethods(TestMethodWorker.java:154)\n\tat org.testng.internal.invokers.TestMethodWorker.run(TestMethodWorker.java:134)\n\tat java.base/java.util.ArrayList.forEach(ArrayList.java:1597)\n\tat org.testng.TestRunner.privateRun(TestRunner.java:741)\n\tat org.testng.TestRunner.run(TestRunner.java:616)\n\tat org.testng.SuiteRunner.runTest(SuiteRunner.java:421)\n\tat org.testng.SuiteRunner.runSequentially(SuiteRunner.java:413)\n\tat org.testng.SuiteRunner.privateRun(SuiteRunner.java:373)\n\tat org.testng.SuiteRunner.run(SuiteRunner.java:312)\n\tat org.testng.SuiteRunnerWorker.runSuite(SuiteRunnerWorker.java:52)\n\tat org.testng.SuiteRunnerWorker.run(SuiteRunnerWorker.java:95)\n\tat org.testng.TestNG.runSuitesSequentially(TestNG.java:1274)\n\tat org.testng.TestNG.runSuitesLocally(TestNG.java:1208)\n\tat org.testng.TestNG.runSuites(TestNG.java:1112)\n\tat org.testng.TestNG.run(TestNG.java:1079)\n\tat org.apache.maven.surefire.testng.TestNGExecutor.run(TestNGExecutor.java:308)\n\tat org.apache.maven.surefire.testng.TestNGXmlTestSuite.execute(TestNGXmlTestSuite.java:71)\n\tat org.apache.maven.surefire.testng.TestNGProvider.invoke(TestNGProvider.java:113)\n\tat org.apache.maven.surefire.booter.ForkedBooter.runSuitesInProcess(ForkedBooter.java:385)\n\tat org.apache.maven.surefire.booter.ForkedBooter.execute(ForkedBooter.java:162)\n\tat org.apache.maven.surefire.booter.ForkedBooter.run(ForkedBooter.java:507)\n\tat org.apache.maven.surefire.booter.ForkedBooter.main(ForkedBooter.java:495)\n","flaky":false,"newFailed":true,"newBroken":false,"newPassed":false,"retriesCount":0,"retriesStatusChange":false,"beforeStages":[{"name":"SetUp","time":{"start":1772097825673,"stop":1772097826227,"duration":554},"description":"","status":"passed","steps":[],"attachments":[],"parameters":[],"shouldDisplayMessage":false,"stepsCount":0,"attachmentsCount":0,"hasContent":false,"attachmentStep":false}],"testStage":{"status":"failed","statusMessage":"The following asserts failed:\n\tStatus code | Expected: 200, Actual: 401 expected [200] but found [401]","statusTrace":"java.lang.AssertionError: The following asserts failed:\n\tStatus code | Expected: 200, Actual: 401 expected [200] but found [401]\n\tat org.testng.asserts.SoftAssert.assertAll(SoftAssert.java:46)\n\tat org.testng.asserts.SoftAssert.assertAll(SoftAssert.java:30)\n\tat APIs.InventoryService.getCarDetails(InventoryService.java:80)\n\tat Tests.CarLoan.CarLoanPositive.CarLoanFlow(CarLoanPositive.java:96)\n\tat java.base/jdk.internal.reflect.DirectMethodHandleAccessor.invoke(DirectMethodHandleAccessor.java:103)\n\tat java.base/java.lang.reflect.Method.invoke(Method.java:580)\n\tat org.testng.internal.invokers.MethodInvocationHelper.invokeMethod(MethodInvocationHelper.java:141)\n\tat org.testng.internal.invokers.TestInvoker.invokeMethod(TestInvoker.java:687)\n\tat org.testng.internal.invokers.TestInvoker.invokeTestMethod(TestInvoker.java:230)\n\tat org.testng.internal.invokers.MethodRunner.runInSequence(MethodRunner.java:63)\n\tat org.testng.internal.invokers.TestInvoker$MethodInvocationAgent.invoke(TestInvoker.java:995)\n\tat org.testng.internal.invokers.TestInvoker.invokeTestMethods(TestInvoker.java:203)\n\tat org.testng.internal.invokers.TestMethodWorker.invokeTestMethods(TestMethodWorker.java:154)\n\tat org.testng.internal.invokers.TestMethodWorker.run(TestMethodWorker.java:134)\n\tat java.base/java.util.ArrayList.forEach(ArrayList.java:1597)\n\tat org.testng.TestRunner.privateRun(TestRunner.java:741)\n\tat org.testng.TestRunner.run(TestRunner.java:616)\n\tat org.testng.SuiteRunner.runTest(SuiteRunner.java:421)\n\tat org.testng.SuiteRunner.runSequentially(SuiteRunner.java:413)\n\tat org.testng.SuiteRunner.privateRun(SuiteRunner.java:373)\n\tat org.testng.SuiteRunner.run(SuiteRunner.java:312)\n\tat org.testng.SuiteRunnerWorker.runSuite(SuiteRunnerWorker.java:52)\n\tat org.testng.SuiteRunnerWorker.run(SuiteRunnerWorker.java:95)\n\tat org.testng.TestNG.runSuitesSequentially(TestNG.java:1274)\n\tat org.testng.TestNG.runSuitesLocally(TestNG.java:1208)\n\tat org.testng.TestNG.runSuites(TestNG.java:1112)\n\tat org.testng.TestNG.run(TestNG.java:1079)\n\tat org.apache.maven.surefire.testng.TestNGExecutor.run(TestNGExecutor.java:308)\n\tat org.apache.maven.surefire.testng.TestNGXmlTestSuite.execute(TestNGXmlTestSuite.java:71)\n\tat org.apache.maven.surefire.testng.TestNGProvider.invoke(TestNGProvider.java:113)\n\tat org.apache.maven.surefire.booter.ForkedBooter.runSuitesInProcess(ForkedBooter.java:385)\n\tat org.apache.maven.surefire.booter.ForkedBooter.execute(ForkedBooter.java:162)\n\tat org.apache.maven.surefire.booter.ForkedBooter.run(ForkedBooter.java:507)\n\tat org.apache.maven.surefire.booter.ForkedBooter.main(ForkedBooter.java:495)\n","steps":[{"name":"Get Token for role: Franchise Admin","time":{"start":1772098148427,"stop":1772098148427,"duration":0},"status":"passed","steps":[],"attachments":[],"parameters":[],"shouldDisplayMessage":false,"stepsCount":0,"attachmentsCount":0,"hasContent":false,"attachmentStep":false},{"name":"Get Car Details","time":{"start":1772098149654,"stop":1772098149983,"duration":329},"status":"failed","statusMessage":"The following asserts failed:\n\tStatus code | Expected: 200, Actual: 401 expected [200] but found [401]","statusTrace":"java.lang.AssertionError: The following asserts failed:\n\tStatus code | Expected: 200, Actual: 401 expected [200] but found [401]\n\tat org.testng.asserts.SoftAssert.assertAll(SoftAssert.java:46)\n\tat org.testng.asserts.SoftAssert.assertAll(SoftAssert.java:30)\n\tat APIs.InventoryService.getCarDetails(InventoryService.java:80)\n\tat Tests.CarLoan.CarLoanPositive.CarLoanFlow(CarLoanPositive.java:96)\n\tat java.base/jdk.internal.reflect.DirectMethodHandleAccessor.invoke(DirectMethodHandleAccessor.java:103)\n\tat java.base/java.lang.reflect.Method.invoke(Method.java:580)\n\tat org.testng.internal.invokers.MethodInvocationHelper.invokeMethod(MethodInvocationHelper.java:141)\n\tat org.testng.internal.invokers.TestInvoker.invokeMethod(TestInvoker.java:687)\n\tat org.testng.internal.invokers.TestInvoker.invokeTestMethod(TestInvoker.java:230)\n\tat org.testng.internal.invokers.MethodRunner.runInSequence(MethodRunner.java:63)\n\tat org.testng.internal.invokers.TestInvoker$MethodInvocationAgent.invoke(TestInvoker.java:995)\n\tat org.testng.internal.invokers.TestInvoker.invokeTestMethods(TestInvoker.java:203)\n\tat org.testng.internal.invokers.TestMethodWorker.invokeTestMethods(TestMethodWorker.java:154)\n\tat org.testng.internal.invokers.TestMethodWorker.run(TestMethodWorker.java:134)\n\tat java.base/java.util.ArrayList.forEach(ArrayList.java:1597)\n\tat org.testng.TestRunner.privateRun(TestRunner.java:741)\n\tat org.testng.TestRunner.run(TestRunner.java:616)\n\tat org.testng.SuiteRunner.runTest(SuiteRunner.java:421)\n\tat org.testng.SuiteRunner.runSequentially(SuiteRunner.java:413)\n\tat org.testng.SuiteRunner.privateRun(SuiteRunner.java:373)\n\tat org.testng.SuiteRunner.run(SuiteRunner.java:312)\n\tat org.testng.SuiteRunnerWorker.runSuite(SuiteRunnerWorker.java:52)\n\tat org.testng.SuiteRunnerWorker.run(SuiteRunnerWorker.java:95)\n\tat org.testng.TestNG.runSuitesSequentially(TestNG.java:1274)\n\tat org.testng.TestNG.runSuitesLocally(TestNG.java:1208)\n\tat org.testng.TestNG.runSuites(TestNG.java:1112)\n\tat org.testng.TestNG.run(TestNG.java:1079)\n\tat org.apache.maven.surefire.testng.TestNGExecutor.run(TestNGExecutor.java:308)\n\tat org.apache.maven.surefire.testng.TestNGXmlTestSuite.execute(TestNGXmlTestSuite.java:71)\n\tat org.apache.maven.surefire.testng.TestNGProvider.invoke(TestNGProvider.java:113)\n\tat org.apache.maven.surefire.booter.ForkedBooter.runSuitesInProcess(ForkedBooter.java:385)\n\tat org.apache.maven.surefire.booter.ForkedBooter.execute(ForkedBooter.java:162)\n\tat org.apache.maven.surefire.booter.ForkedBooter.run(ForkedBooter.java:507)\n\tat org.apache.maven.surefire.booter.ForkedBooter.main(ForkedBooter.java:495)\n","steps":[{"name":"SoftAssert: Verify Status code - Expected: '200', Actual: '401'","time":{"start":1772098149948,"stop":1772098149951,"duration":3},"status":"passed","steps":[],"attachments":[],"parameters":[{"name":"softAssert","value":"org.testng.asserts.SoftAssert@6878e49e"},{"name":"actual","value":"401"},{"name":"expected","value":"200"},{"name":"message","value":"Status code"}],"shouldDisplayMessage":false,"stepsCount":0,"attachmentsCount":0,"hasContent":true,"attachmentStep":false}],"attachments":[{"uid":"dfa5bf25af44407e","name":"Response","source":"dfa5bf25af44407e.json","type":"application/json","size":334}],"parameters":[{"name":"token","value":"null"},{"name":"CountryCode","value":"NG"}],"shouldDisplayMessage":true,"stepsCount":1,"attachmentsCount":1,"hasContent":true,"attachmentStep":false}],"attachments":[{"uid":"e99b3055742c5f66","name":"Request Log","source":"e99b3055742c5f66.json","type":"application/json","size":916},{"uid":"aa1ddaf2676f80a","name":"Response Log","source":"aa1ddaf2676f80a.json","type":"application/json","size":1908}],"parameters":[],"shouldDisplayMessage":false,"stepsCount":3,"attachmentsCount":3,"hasContent":true,"attachmentStep":false},"afterStages":[],"labels":[{"name":"package","value":"Tests.CarLoan.CarLoanPositive"},{"name":"testClass","value":"Tests.CarLoan.CarLoanPositive"},{"name":"testMethod","value":"CarLoanFlow"},{"name":"parentSuite","value":"API_Regression_Suite"},{"name":"suite","value":"Autochek_End_To_End_Loan_Application"},{"name":"subSuite","value":"Tests.CarLoan.CarLoanPositive"},{"name":"host","value":"runnervmnay03"},{"name":"thread","value":"2397@runnervmnay03.main(1)"},{"name":"framework","value":"testng"},{"name":"language","value":"java"},{"name":"feature","value":"Country - NG"},{"name":"epic","value":"Car Loan Positive Flow"},{"name":"severity","value":"medium"},{"name":"story","value":"Franchise Admin - Salary Earner"},{"name":"resultFormat","value":"allure2"}],"parameters":[{"name":"Description","value":"Loan created by Franchise Admin for user salary earner"},{"name":"Loan Creator","value":"Franchise Admin"},{"name":"Severity","value":"Medium"},{"name":"Type","value":"Positive"},{"name":"User Type","value":"Salary Earner"}],"links":[],"hidden":false,"retry":false,"extra":{"severity":"normal","retries":[],"categories":[{"name":"Product defects","matchedStatuses":[]}],"history":{"statistic":{"failed":12,"broken":3,"skipped":0,"passed":0,"unknown":0,"total":15},"items":[{"uid":"78184cae9d7e9082","status":"broken","statusDetails":"Failed to parse the JSON document","time":{"start":1772095004158,"stop":1772095004421,"duration":263}},{"uid":"7543dabd02d274fc","status":"failed","statusDetails":"The following asserts failed:\n\tResponse code of assignInspector should be 200 | Expected: 200, Actual: 401 expected [200] but found [401]","time":{"start":1772093245501,"stop":1772093598842,"duration":353341}},{"uid":"b079afbf498a41be","status":"failed","statusDetails":"The following asserts failed:\n\tResponse code of assignInspector should be 200 | Expected: 200, Actual: 401 expected [200] but found [401]","time":{"start":1772092211263,"stop":1772092561202,"duration":349939}},{"uid":"9f52f0d550cabdcb","status":"broken","statusDetails":"Failed to parse the JSON document","time":{"start":1772090715409,"stop":1772091027158,"duration":311749}},{"uid":"6bd138ad80097f8b","status":"failed","statusDetails":"The following asserts failed:\n\tResponse code of assignInspector should be 200 | Expected: 200, Actual: 401 expected [200] but found [401]","time":{"start":1772022609082,"stop":1772022968422,"duration":359340}},{"uid":"9896e3670e362890","status":"broken","statusDetails":"Failed to parse the JSON document","time":{"start":1772021579544,"stop":1772021579820,"duration":276}},{"uid":"1d51fa4e1feb6447","status":"failed","statusDetails":"The following asserts failed:\n\tResponse code should be 200 | Expected: 200, Actual: 400 expected [200] but found [400]","time":{"start":1772015133766,"stop":1772015504651,"duration":370885}},{"uid":"ed7118244c6b8993","status":"failed","statusDetails":"The following asserts failed:\n\tResponse code of assignInspector should be 200 | Expected: 200, Actual: 401 expected [200] but found [401]","time":{"start":1772013506829,"stop":1772013877008,"duration":370179}},{"uid":"445fa43f46f521fa","status":"failed","statusDetails":"The following asserts failed:\n\tResponse code of assignInspector should be 200 | Expected: 200, Actual: 401 expected [200] but found [401]","time":{"start":1772012342265,"stop":1772012681456,"duration":339191}},{"uid":"dc4e143b6a0260d3","status":"failed","statusDetails":"The following asserts failed:\n\tResponse code of assignInspector should be 200 | Expected: 200, Actual: 401 expected [200] but found [401]","time":{"start":1772004968784,"stop":1772005335500,"duration":366716}},{"uid":"ca4025a99333e21e","status":"failed","statusDetails":"The following asserts failed:\n\tResponse code of assignInspector should be 200 | Expected: 200, Actual: 401 expected [200] but found [401]","time":{"start":1772003515756,"stop":1772003888296,"duration":372540}},{"uid":"af3c40ed95de9434","status":"failed","statusDetails":"The following asserts failed:\n\tResponse code of assignInspector should be 200 | Expected: 200, Actual: 401 expected [200] but found [401]","time":{"start":1772001422620,"stop":1772001770648,"duration":348028}},{"uid":"2904c2584b3ae588","status":"failed","statusDetails":"The following asserts failed:\n\tResponse code of assignInspector should be 200 | Expected: 200, Actual: 401 expected [200] but found [401]","time":{"start":1771919639329,"stop":1771920023751,"duration":384422}},{"uid":"4c51cb8f7cbf8f98","status":"failed","statusDetails":"The following asserts failed:\n\tResponse code of assignInspector should be 200 | Expected: 200, Actual: 401 expected [200] but found [401]","time":{"start":1771917357117,"stop":1771917719529,"duration":362412}}]},"tags":[]},"source":"f8e17089f4a443c3.json","parameterValues":["Loan created by Franchise Admin for user salary earner","Franchise Admin","Medium","Positive","Salary Earner"]}