{"uid":"e093bbf8ba33e166","name":"ppiCarInspection","fullName":"ppiCarInspection","historyId":"ppiCarInspection","time":{"start":1771918010488,"stop":1771918036194,"duration":25706},"status":"failed","statusMessage":"The following asserts failed:\n\tStatus code | Expected: 200, Actual: 400 expected [200] but found [400]","statusTrace":"java.lang.AssertionError: The following asserts failed:\n\tStatus code | Expected: 200, Actual: 400 expected [200] but found [400]\n\tat org.testng.asserts.SoftAssert.assertAll(SoftAssert.java:46)\n\tat org.testng.asserts.SoftAssert.assertAll(SoftAssert.java:30)\n\tat Listener.AllureLogs.executeSoftAssertAll(AllureLogs.java:203)\n\tat EndToEndNigeriaLoanFlowTest.API_Integration.createInspection(API_Integration.java:250)\n\tat EndToEndNigeriaLoanFlowTest.EndToEnd_Nigeria_LoanFlow.ppiCarInspection(EndToEnd_Nigeria_LoanFlow.java:125)\n\tat java.base/jdk.internal.reflect.DirectMethodHandleAccessor.invoke(DirectMethodHandleAccessor.java:103)\n\tat java.base/java.lang.reflect.Method.invoke(Method.java:580)\n\tat org.testng.internal.invokers.MethodInvocationHelper.invokeMethod(MethodInvocationHelper.java:141)\n\tat org.testng.internal.invokers.TestInvoker.invokeMethod(TestInvoker.java:686)\n\tat org.testng.internal.invokers.TestInvoker.invokeTestMethod(TestInvoker.java:230)\n\tat org.testng.internal.invokers.MethodRunner.runInSequence(MethodRunner.java:63)\n\tat org.testng.internal.invokers.TestInvoker$MethodInvocationAgent.invoke(TestInvoker.java:992)\n\tat org.testng.internal.invokers.TestInvoker.invokeTestMethods(TestInvoker.java:203)\n\tat org.testng.internal.invokers.TestMethodWorker.invokeTestMethods(TestMethodWorker.java:154)\n\tat org.testng.internal.invokers.TestMethodWorker.run(TestMethodWorker.java:134)\n\tat java.base/java.util.ArrayList.forEach(ArrayList.java:1597)\n\tat org.testng.TestRunner.privateRun(TestRunner.java:739)\n\tat org.testng.TestRunner.run(TestRunner.java:614)\n\tat org.testng.SuiteRunner.runTest(SuiteRunner.java:421)\n\tat org.testng.SuiteRunner.runSequentially(SuiteRunner.java:413)\n\tat org.testng.SuiteRunner.privateRun(SuiteRunner.java:373)\n\tat org.testng.SuiteRunner.run(SuiteRunner.java:312)\n\tat org.testng.SuiteRunnerWorker.runSuite(SuiteRunnerWorker.java:52)\n\tat org.testng.SuiteRunnerWorker.run(SuiteRunnerWorker.java:95)\n\tat org.testng.TestNG.runSuitesSequentially(TestNG.java:1274)\n\tat org.testng.TestNG.runSuitesLocally(TestNG.java:1208)\n\tat org.testng.TestNG.runSuites(TestNG.java:1112)\n\tat org.testng.TestNG.run(TestNG.java:1079)\n\tat org.apache.maven.surefire.testng.TestNGExecutor.run(TestNGExecutor.java:308)\n\tat org.apache.maven.surefire.testng.TestNGXmlTestSuite.execute(TestNGXmlTestSuite.java:71)\n\tat org.apache.maven.surefire.testng.TestNGProvider.invoke(TestNGProvider.java:113)\n\tat org.apache.maven.surefire.booter.ForkedBooter.runSuitesInProcess(ForkedBooter.java:385)\n\tat org.apache.maven.surefire.booter.ForkedBooter.execute(ForkedBooter.java:162)\n\tat org.apache.maven.surefire.booter.ForkedBooter.run(ForkedBooter.java:507)\n\tat org.apache.maven.surefire.booter.ForkedBooter.main(ForkedBooter.java:495)\n","flaky":false,"newFailed":false,"newBroken":false,"newPassed":false,"retriesCount":0,"retriesStatusChange":false,"beforeStages":[],"testStage":{"status":"failed","statusMessage":"The following asserts failed:\n\tStatus code | Expected: 200, Actual: 400 expected [200] but found [400]","statusTrace":"java.lang.AssertionError: The following asserts failed:\n\tStatus code | Expected: 200, Actual: 400 expected [200] but found [400]\n\tat org.testng.asserts.SoftAssert.assertAll(SoftAssert.java:46)\n\tat org.testng.asserts.SoftAssert.assertAll(SoftAssert.java:30)\n\tat Listener.AllureLogs.executeSoftAssertAll(AllureLogs.java:203)\n\tat EndToEndNigeriaLoanFlowTest.API_Integration.createInspection(API_Integration.java:250)\n\tat EndToEndNigeriaLoanFlowTest.EndToEnd_Nigeria_LoanFlow.ppiCarInspection(EndToEnd_Nigeria_LoanFlow.java:125)\n\tat java.base/jdk.internal.reflect.DirectMethodHandleAccessor.invoke(DirectMethodHandleAccessor.java:103)\n\tat java.base/java.lang.reflect.Method.invoke(Method.java:580)\n\tat org.testng.internal.invokers.MethodInvocationHelper.invokeMethod(MethodInvocationHelper.java:141)\n\tat org.testng.internal.invokers.TestInvoker.invokeMethod(TestInvoker.java:686)\n\tat org.testng.internal.invokers.TestInvoker.invokeTestMethod(TestInvoker.java:230)\n\tat org.testng.internal.invokers.MethodRunner.runInSequence(MethodRunner.java:63)\n\tat org.testng.internal.invokers.TestInvoker$MethodInvocationAgent.invoke(TestInvoker.java:992)\n\tat org.testng.internal.invokers.TestInvoker.invokeTestMethods(TestInvoker.java:203)\n\tat org.testng.internal.invokers.TestMethodWorker.invokeTestMethods(TestMethodWorker.java:154)\n\tat org.testng.internal.invokers.TestMethodWorker.run(TestMethodWorker.java:134)\n\tat java.base/java.util.ArrayList.forEach(ArrayList.java:1597)\n\tat org.testng.TestRunner.privateRun(TestRunner.java:739)\n\tat org.testng.TestRunner.run(TestRunner.java:614)\n\tat org.testng.SuiteRunner.runTest(SuiteRunner.java:421)\n\tat org.testng.SuiteRunner.runSequentially(SuiteRunner.java:413)\n\tat org.testng.SuiteRunner.privateRun(SuiteRunner.java:373)\n\tat org.testng.SuiteRunner.run(SuiteRunner.java:312)\n\tat org.testng.SuiteRunnerWorker.runSuite(SuiteRunnerWorker.java:52)\n\tat org.testng.SuiteRunnerWorker.run(SuiteRunnerWorker.java:95)\n\tat org.testng.TestNG.runSuitesSequentially(TestNG.java:1274)\n\tat org.testng.TestNG.runSuitesLocally(TestNG.java:1208)\n\tat org.testng.TestNG.runSuites(TestNG.java:1112)\n\tat org.testng.TestNG.run(TestNG.java:1079)\n\tat org.apache.maven.surefire.testng.TestNGExecutor.run(TestNGExecutor.java:308)\n\tat org.apache.maven.surefire.testng.TestNGXmlTestSuite.execute(TestNGXmlTestSuite.java:71)\n\tat org.apache.maven.surefire.testng.TestNGProvider.invoke(TestNGProvider.java:113)\n\tat org.apache.maven.surefire.booter.ForkedBooter.runSuitesInProcess(ForkedBooter.java:385)\n\tat org.apache.maven.surefire.booter.ForkedBooter.execute(ForkedBooter.java:162)\n\tat org.apache.maven.surefire.booter.ForkedBooter.run(ForkedBooter.java:507)\n\tat org.apache.maven.surefire.booter.ForkedBooter.main(ForkedBooter.java:495)\n","steps":[{"name":"Post Inspection Request","time":{"start":1771918010495,"stop":1771918013963,"duration":3468},"status":"passed","steps":[{"name":"SoftAssert: Verify Status Code - Expected: '200', Actual: '200'","time":{"start":1771918013960,"stop":1771918013961,"duration":1},"status":"passed","steps":[],"attachments":[],"parameters":[{"name":"softAssert","value":"org.testng.asserts.SoftAssert@ac94285"},{"name":"actual","value":"200"},{"name":"expected","value":"200"},{"name":"message","value":"Status Code"}],"shouldDisplayMessage":false,"stepsCount":0,"attachmentsCount":0,"hasContent":true,"attachmentStep":false},{"name":"Execute all soft assertions","time":{"start":1771918013961,"stop":1771918013962,"duration":1},"status":"passed","steps":[],"attachments":[{"uid":"3261af9c39fe81c7","name":"Soft Assertions","source":"3261af9c39fe81c7.txt","type":"text/plain","size":39}],"parameters":[{"name":"softAssert","value":"org.testng.asserts.SoftAssert@ac94285"}],"shouldDisplayMessage":false,"stepsCount":0,"attachmentsCount":1,"hasContent":true,"attachmentStep":false}],"attachments":[{"uid":"86b080e23a9aac0d","name":"Request","source":"86b080e23a9aac0d.json","type":"application/json","size":9},{"uid":"6257cdd399d07834","name":"Response","source":"6257cdd399d07834.json","type":"application/json","size":159}],"parameters":[{"name":"vinNumber","value":"null"}],"shouldDisplayMessage":false,"stepsCount":2,"attachmentsCount":3,"hasContent":true,"attachmentStep":false},{"name":"Assign Inspector","time":{"start":1771918013963,"stop":1771918026856,"duration":12893},"status":"passed","steps":[{"name":"Inspector assigned successfully for requestId: xULz2Vo9o","time":{"start":1771918026856,"stop":1771918026856,"duration":0},"status":"passed","steps":[],"attachments":[],"parameters":[],"shouldDisplayMessage":false,"stepsCount":0,"attachmentsCount":0,"hasContent":false,"attachmentStep":false}],"attachments":[],"parameters":[{"name":"requestId","value":"xULz2Vo9o"}],"shouldDisplayMessage":false,"stepsCount":1,"attachmentsCount":0,"hasContent":true,"attachmentStep":false},{"name":"Fetched summary id successfully for requestId: xULz2Vo9o","time":{"start":1771918030466,"stop":1771918030466,"duration":0},"status":"passed","steps":[],"attachments":[],"parameters":[],"shouldDisplayMessage":false,"stepsCount":0,"attachmentsCount":0,"hasContent":false,"attachmentStep":false},{"name":"POST Complete Inspection","time":{"start":1771918030467,"stop":1771918036155,"duration":5688},"status":"failed","statusMessage":"The following asserts failed:\n\tStatus code | Expected: 200, Actual: 400 expected [200] but found [400]","statusTrace":"java.lang.AssertionError: The following asserts failed:\n\tStatus code | Expected: 200, Actual: 400 expected [200] but found [400]\n\tat org.testng.asserts.SoftAssert.assertAll(SoftAssert.java:46)\n\tat org.testng.asserts.SoftAssert.assertAll(SoftAssert.java:30)\n\tat Listener.AllureLogs.executeSoftAssertAll(AllureLogs.java:203)\n\tat EndToEndNigeriaLoanFlowTest.API_Integration.createInspection(API_Integration.java:250)\n\tat EndToEndNigeriaLoanFlowTest.EndToEnd_Nigeria_LoanFlow.ppiCarInspection(EndToEnd_Nigeria_LoanFlow.java:125)\n\tat java.base/jdk.internal.reflect.DirectMethodHandleAccessor.invoke(DirectMethodHandleAccessor.java:103)\n\tat java.base/java.lang.reflect.Method.invoke(Method.java:580)\n\tat org.testng.internal.invokers.MethodInvocationHelper.invokeMethod(MethodInvocationHelper.java:141)\n\tat org.testng.internal.invokers.TestInvoker.invokeMethod(TestInvoker.java:686)\n\tat org.testng.internal.invokers.TestInvoker.invokeTestMethod(TestInvoker.java:230)\n\tat org.testng.internal.invokers.MethodRunner.runInSequence(MethodRunner.java:63)\n\tat org.testng.internal.invokers.TestInvoker$MethodInvocationAgent.invoke(TestInvoker.java:992)\n\tat org.testng.internal.invokers.TestInvoker.invokeTestMethods(TestInvoker.java:203)\n\tat org.testng.internal.invokers.TestMethodWorker.invokeTestMethods(TestMethodWorker.java:154)\n\tat org.testng.internal.invokers.TestMethodWorker.run(TestMethodWorker.java:134)\n\tat java.base/java.util.ArrayList.forEach(ArrayList.java:1597)\n\tat org.testng.TestRunner.privateRun(TestRunner.java:739)\n\tat org.testng.TestRunner.run(TestRunner.java:614)\n\tat org.testng.SuiteRunner.runTest(SuiteRunner.java:421)\n\tat org.testng.SuiteRunner.runSequentially(SuiteRunner.java:413)\n\tat org.testng.SuiteRunner.privateRun(SuiteRunner.java:373)\n\tat org.testng.SuiteRunner.run(SuiteRunner.java:312)\n\tat org.testng.SuiteRunnerWorker.runSuite(SuiteRunnerWorker.java:52)\n\tat org.testng.SuiteRunnerWorker.run(SuiteRunnerWorker.java:95)\n\tat org.testng.TestNG.runSuitesSequentially(TestNG.java:1274)\n\tat org.testng.TestNG.runSuitesLocally(TestNG.java:1208)\n\tat org.testng.TestNG.runSuites(TestNG.java:1112)\n\tat org.testng.TestNG.run(TestNG.java:1079)\n\tat org.apache.maven.surefire.testng.TestNGExecutor.run(TestNGExecutor.java:308)\n\tat org.apache.maven.surefire.testng.TestNGXmlTestSuite.execute(TestNGXmlTestSuite.java:71)\n\tat org.apache.maven.surefire.testng.TestNGProvider.invoke(TestNGProvider.java:113)\n\tat org.apache.maven.surefire.booter.ForkedBooter.runSuitesInProcess(ForkedBooter.java:385)\n\tat org.apache.maven.surefire.booter.ForkedBooter.execute(ForkedBooter.java:162)\n\tat org.apache.maven.surefire.booter.ForkedBooter.run(ForkedBooter.java:507)\n\tat org.apache.maven.surefire.booter.ForkedBooter.main(ForkedBooter.java:495)\n","steps":[{"name":"SoftAssert: Verify Status code - Expected: '200', Actual: '400'","time":{"start":1771918036154,"stop":1771918036155,"duration":1},"status":"passed","steps":[],"attachments":[],"parameters":[{"name":"softAssert","value":"org.testng.asserts.SoftAssert@58f49b5e"},{"name":"actual","value":"400"},{"name":"expected","value":"200"},{"name":"message","value":"Status code"}],"shouldDisplayMessage":false,"stepsCount":0,"attachmentsCount":0,"hasContent":true,"attachmentStep":false},{"name":"Execute all soft assertions","time":{"start":1771918036155,"stop":1771918036155,"duration":0},"status":"failed","statusMessage":"The following asserts failed:\n\tStatus code | Expected: 200, Actual: 400 expected [200] but found [400]","statusTrace":"java.lang.AssertionError: The following asserts failed:\n\tStatus code | Expected: 200, Actual: 400 expected [200] but found [400]\n\tat org.testng.asserts.SoftAssert.assertAll(SoftAssert.java:46)\n\tat org.testng.asserts.SoftAssert.assertAll(SoftAssert.java:30)\n\tat Listener.AllureLogs.executeSoftAssertAll(AllureLogs.java:203)\n\tat EndToEndNigeriaLoanFlowTest.API_Integration.createInspection(API_Integration.java:250)\n\tat EndToEndNigeriaLoanFlowTest.EndToEnd_Nigeria_LoanFlow.ppiCarInspection(EndToEnd_Nigeria_LoanFlow.java:125)\n\tat java.base/jdk.internal.reflect.DirectMethodHandleAccessor.invoke(DirectMethodHandleAccessor.java:103)\n\tat java.base/java.lang.reflect.Method.invoke(Method.java:580)\n\tat org.testng.internal.invokers.MethodInvocationHelper.invokeMethod(MethodInvocationHelper.java:141)\n\tat org.testng.internal.invokers.TestInvoker.invokeMethod(TestInvoker.java:686)\n\tat org.testng.internal.invokers.TestInvoker.invokeTestMethod(TestInvoker.java:230)\n\tat org.testng.internal.invokers.MethodRunner.runInSequence(MethodRunner.java:63)\n\tat org.testng.internal.invokers.TestInvoker$MethodInvocationAgent.invoke(TestInvoker.java:992)\n\tat org.testng.internal.invokers.TestInvoker.invokeTestMethods(TestInvoker.java:203)\n\tat org.testng.internal.invokers.TestMethodWorker.invokeTestMethods(TestMethodWorker.java:154)\n\tat org.testng.internal.invokers.TestMethodWorker.run(TestMethodWorker.java:134)\n\tat java.base/java.util.ArrayList.forEach(ArrayList.java:1597)\n\tat org.testng.TestRunner.privateRun(TestRunner.java:739)\n\tat org.testng.TestRunner.run(TestRunner.java:614)\n\tat org.testng.SuiteRunner.runTest(SuiteRunner.java:421)\n\tat org.testng.SuiteRunner.runSequentially(SuiteRunner.java:413)\n\tat org.testng.SuiteRunner.privateRun(SuiteRunner.java:373)\n\tat org.testng.SuiteRunner.run(SuiteRunner.java:312)\n\tat org.testng.SuiteRunnerWorker.runSuite(SuiteRunnerWorker.java:52)\n\tat org.testng.SuiteRunnerWorker.run(SuiteRunnerWorker.java:95)\n\tat org.testng.TestNG.runSuitesSequentially(TestNG.java:1274)\n\tat org.testng.TestNG.runSuitesLocally(TestNG.java:1208)\n\tat org.testng.TestNG.runSuites(TestNG.java:1112)\n\tat org.testng.TestNG.run(TestNG.java:1079)\n\tat org.apache.maven.surefire.testng.TestNGExecutor.run(TestNGExecutor.java:308)\n\tat org.apache.maven.surefire.testng.TestNGXmlTestSuite.execute(TestNGXmlTestSuite.java:71)\n\tat org.apache.maven.surefire.testng.TestNGProvider.invoke(TestNGProvider.java:113)\n\tat org.apache.maven.surefire.booter.ForkedBooter.runSuitesInProcess(ForkedBooter.java:385)\n\tat org.apache.maven.surefire.booter.ForkedBooter.execute(ForkedBooter.java:162)\n\tat org.apache.maven.surefire.booter.ForkedBooter.run(ForkedBooter.java:507)\n\tat org.apache.maven.surefire.booter.ForkedBooter.main(ForkedBooter.java:495)\n","steps":[],"attachments":[{"uid":"b6cb9799f7c23927","name":"Soft Assertion Failures","source":"b6cb9799f7c23927.txt","type":"text/plain","size":102}],"parameters":[{"name":"softAssert","value":"org.testng.asserts.SoftAssert@58f49b5e"}],"shouldDisplayMessage":true,"stepsCount":0,"attachmentsCount":1,"hasContent":true,"attachmentStep":false}],"attachments":[],"parameters":[{"name":"requestId","value":"xULz2Vo9o"},{"name":"summaryId","value":"tY2PyxMed"},{"name":"carId","value":"hBKgoP4r"},{"name":"vin","value":"null"}],"shouldDisplayMessage":false,"stepsCount":2,"attachmentsCount":1,"hasContent":true,"attachmentStep":false}],"attachments":[{"uid":"bc9dc450322660e","name":"Request Log","source":"bc9dc450322660e.json","type":"application/json","size":23276},{"uid":"88fd50b6da45d16d","name":"Response Log","source":"88fd50b6da45d16d.json","type":"application/json","size":13823},{"uid":"3ac7da7aef812d8f","name":"Page Screenshot","source":"3ac7da7aef812d8f.png","type":"image/png","size":38268},{"uid":"f35c4432633c3948","name":"stacktrace","source":"f35c4432633c3948.txt","type":"text/plain","size":16}],"parameters":[],"shouldDisplayMessage":false,"stepsCount":9,"attachmentsCount":8,"hasContent":true,"attachmentStep":false},"afterStages":[],"labels":[{"name":"package","value":"EndToEndNigeriaLoanFlowTest.EndToEnd_Nigeria_LoanFlow"},{"name":"testClass","value":"EndToEndNigeriaLoanFlowTest.EndToEnd_Nigeria_LoanFlow"},{"name":"testMethod","value":"ppiCarInspection"},{"name":"parentSuite","value":"All Test Suite"},{"name":"suite","value":"C:/Selenium/EndToEndLoan_UIAutomation"},{"name":"subSuite","value":"EndToEndNigeriaLoanFlowTest.EndToEnd_Nigeria_LoanFlow"},{"name":"host","value":"runnervmwffz4"},{"name":"thread","value":"2732@runnervmwffz4.main(1)"},{"name":"framework","value":"testng"},{"name":"language","value":"java"},{"name":"severity","value":"critical"},{"name":"resultFormat","value":"allure2"}],"parameters":[],"links":[],"hidden":false,"retry":false,"extra":{"severity":"critical","retries":[],"categories":[{"name":"Product defects","matchedStatuses":[]}],"tags":[]},"source":"e093bbf8ba33e166.json","parameterValues":[]}