{"uid":"4b4757e66a1912dae1a509f688f20b0f","name":"categories","children":[{"name":"Test defects","children":[{"name":"Expected condition failed: waiting for element found by By.xpath: //h1[normalize-space()='About You'] to be clickable, but the element was not found: org.openqa.selenium.NoSuchElementException: no such element: Unable to locate element: {\"method\":\"xpath\",\"selector\":\"//h1[normalize-space()='About You']\"}.\n(tried for 30 seconds with 500 milliseconds interval)\nBuild info: version: '4.41.0', revision: '9fc754f'\nSystem info: os.name: 'Linux', os.arch: 'amd64', os.version: '6.14.0-1017-azure', java.version: '22.0.2'\nDriver info: org.openqa.selenium.chrome.ChromeDriver\nCapabilities {acceptInsecureCerts: false, browserName: chrome, browserVersion: 145.0.7632.116, chrome: {chromedriverVersion: 145.0.7632.117 (de4e5d6e13b..., userDataDir: /tmp/org.chromium.Chromium....}, fedcm:accounts: true, goog:chromeOptions: {debuggerAddress: localhost:39689}, goog:processID: 2763, networkConnectionEnabled: false, pageLoadStrategy: normal, platformName: linux, proxy: Proxy(), se:cdp: ws://localhost:39689/devtoo..., se:cdpVersion: 145.0.7632.116, setWindowRect: true, strictFileInteractability: false, timeouts: {implicit: 0, pageLoad: 300000, script: 30000}, unhandledPromptBehavior: dismiss and notify, webauthn:extension:credBlob: true, webauthn:extension:largeBlob: true, webauthn:extension:minPinLength: true, webauthn:extension:prf: true, webauthn:virtualAuthenticators: true}\nSession ID: d174c675c895e52afbce55e448b973c8","children":[{"name":"DealerPlus_CreateCar_Flow","uid":"63ae3c9f19d062a0","parentUid":"b40e5535c2835710f9bac1590c6d1ce0","status":"broken","time":{"start":1772091041824,"stop":1772091079060,"duration":37236},"flaky":false,"newFailed":false,"newPassed":false,"newBroken":true,"retriesCount":0,"retriesStatusChange":false,"parameters":[],"tags":[]}],"uid":"b40e5535c2835710f9bac1590c6d1ce0"},{"name":"Expected condition failed: waiting for presence of element found by By.xpath: //input[@role='combobox' and @placeholder='Select make']\n(tried for 30 seconds with 500 milliseconds interval)\nBuild info: version: '4.41.0', revision: '9fc754f'\nSystem info: os.name: 'Linux', os.arch: 'amd64', os.version: '6.14.0-1017-azure', java.version: '22.0.2'\nDriver info: org.openqa.selenium.chrome.ChromeDriver\nCapabilities {acceptInsecureCerts: false, browserName: chrome, browserVersion: 145.0.7632.116, chrome: {chromedriverVersion: 145.0.7632.117 (de4e5d6e13b..., userDataDir: /tmp/org.chromium.Chromium....}, fedcm:accounts: true, goog:chromeOptions: {debuggerAddress: localhost:39689}, goog:processID: 2763, networkConnectionEnabled: false, pageLoadStrategy: normal, platformName: linux, proxy: Proxy(), se:cdp: ws://localhost:39689/devtoo..., se:cdpVersion: 145.0.7632.116, setWindowRect: true, strictFileInteractability: false, timeouts: {implicit: 0, pageLoad: 300000, script: 30000}, unhandledPromptBehavior: dismiss and notify, webauthn:extension:credBlob: true, webauthn:extension:largeBlob: true, webauthn:extension:minPinLength: true, webauthn:extension:prf: true, webauthn:virtualAuthenticators: true}\nSession ID: d174c675c895e52afbce55e448b973c8","children":[{"name":"CreateCar_Form1","uid":"188b1b7eea5ec124","parentUid":"07c0235c9f851ef197c7e4961fb27bc9","status":"broken","time":{"start":1772091079147,"stop":1772091110252,"duration":31105},"flaky":false,"newFailed":false,"newPassed":false,"newBroken":true,"retriesCount":0,"retriesStatusChange":false,"parameters":[],"tags":[]}],"uid":"07c0235c9f851ef197c7e4961fb27bc9"},{"name":"Expected condition failed: waiting for visibility of element found by By.xpath: //label[.//input[@name='ownershipStatus' and @value='self']], but... org.openqa.selenium.NoSuchElementException: no such element: Unable to locate element: {\"method\":\"xpath\",\"selector\":\"//label[.//input[@name='ownershipStatus' and @value='self']]\"}.\n(tried for 30 seconds with 500 milliseconds interval)\nBuild info: version: '4.41.0', revision: '9fc754f'\nSystem info: os.name: 'Linux', os.arch: 'amd64', os.version: '6.14.0-1017-azure', java.version: '22.0.2'\nDriver info: org.openqa.selenium.chrome.ChromeDriver\nCapabilities {acceptInsecureCerts: false, browserName: chrome, browserVersion: 145.0.7632.116, chrome: {chromedriverVersion: 145.0.7632.117 (de4e5d6e13b..., userDataDir: /tmp/org.chromium.Chromium....}, fedcm:accounts: true, goog:chromeOptions: {debuggerAddress: localhost:39689}, goog:processID: 2763, networkConnectionEnabled: false, pageLoadStrategy: normal, platformName: linux, proxy: Proxy(), se:cdp: ws://localhost:39689/devtoo..., se:cdpVersion: 145.0.7632.116, setWindowRect: true, strictFileInteractability: false, timeouts: {implicit: 0, pageLoad: 300000, script: 30000}, unhandledPromptBehavior: dismiss and notify, webauthn:extension:credBlob: true, webauthn:extension:largeBlob: true, webauthn:extension:minPinLength: true, webauthn:extension:prf: true, webauthn:virtualAuthenticators: true}\nSession ID: d174c675c895e52afbce55e448b973c8","children":[{"name":"CreateCar_Form2","uid":"cfaa680898db96d6","parentUid":"6b46a5267892fb09342f0f3731bd72ff","status":"broken","time":{"start":1772091110259,"stop":1772091141418,"duration":31159},"flaky":false,"newFailed":false,"newPassed":false,"newBroken":true,"retriesCount":0,"retriesStatusChange":false,"parameters":[],"tags":[]}],"uid":"6b46a5267892fb09342f0f3731bd72ff"},{"name":"no such element: Unable to locate element: {\"method\":\"xpath\",\"selector\":\"//label[contains(text(),'Upload Left Front Image')]/following::input[@id='leftFront-input']\"}\n  (Session info: chrome=145.0.7632.116)\nFor documentation on this error, please visit: https://www.selenium.dev/documentation/webdriver/troubleshooting/errors#nosuchelementexception\nBuild info: version: '4.41.0', revision: '9fc754f'\nSystem info: os.name: 'Linux', os.arch: 'amd64', os.version: '6.14.0-1017-azure', java.version: '22.0.2'\nDriver info: org.openqa.selenium.chrome.ChromeDriver\nCommand: [d174c675c895e52afbce55e448b973c8, findElement {using=xpath, value=//label[contains(text(),'Upload Left Front Image')]/following::input[@id='leftFront-input']}]\nCapabilities {acceptInsecureCerts: false, browserName: chrome, browserVersion: 145.0.7632.116, chrome: {chromedriverVersion: 145.0.7632.117 (de4e5d6e13b..., userDataDir: /tmp/org.chromium.Chromium....}, fedcm:accounts: true, goog:chromeOptions: {debuggerAddress: localhost:39689}, goog:processID: 2763, networkConnectionEnabled: false, pageLoadStrategy: normal, platformName: linux, proxy: Proxy(), se:cdp: ws://localhost:39689/devtoo..., se:cdpVersion: 145.0.7632.116, setWindowRect: true, strictFileInteractability: false, timeouts: {implicit: 0, pageLoad: 300000, script: 30000}, unhandledPromptBehavior: dismiss and notify, webauthn:extension:credBlob: true, webauthn:extension:largeBlob: true, webauthn:extension:minPinLength: true, webauthn:extension:prf: true, webauthn:virtualAuthenticators: true}\nSession ID: d174c675c895e52afbce55e448b973c8","children":[{"name":"CreateCar_Form3","uid":"e0d298d5aa6ec00f","parentUid":"c8e93bbeef23e854fb3176c53267910e","status":"broken","time":{"start":1772091141424,"stop":1772091151516,"duration":10092},"flaky":false,"newFailed":false,"newPassed":false,"newBroken":true,"retriesCount":0,"retriesStatusChange":false,"parameters":[],"tags":[]}],"uid":"c8e93bbeef23e854fb3176c53267910e"},{"name":"Expected condition failed: waiting for presence of element found by By.xpath: //label[contains(normalize-space(),'Upload Vehicle License')]/ancestor::div[contains(@class,'relative')]//input[@type='file']\n(tried for 30 seconds with 500 milliseconds interval)\nBuild info: version: '4.41.0', revision: '9fc754f'\nSystem info: os.name: 'Linux', os.arch: 'amd64', os.version: '6.14.0-1017-azure', java.version: '22.0.2'\nDriver info: org.openqa.selenium.chrome.ChromeDriver\nCapabilities {acceptInsecureCerts: false, browserName: chrome, browserVersion: 145.0.7632.116, chrome: {chromedriverVersion: 145.0.7632.117 (de4e5d6e13b..., userDataDir: /tmp/org.chromium.Chromium....}, fedcm:accounts: true, goog:chromeOptions: {debuggerAddress: localhost:39689}, goog:processID: 2763, networkConnectionEnabled: false, pageLoadStrategy: normal, platformName: linux, proxy: Proxy(), se:cdp: ws://localhost:39689/devtoo..., se:cdpVersion: 145.0.7632.116, setWindowRect: true, strictFileInteractability: false, timeouts: {implicit: 0, pageLoad: 300000, script: 30000}, unhandledPromptBehavior: dismiss and notify, webauthn:extension:credBlob: true, webauthn:extension:largeBlob: true, webauthn:extension:minPinLength: true, webauthn:extension:prf: true, webauthn:virtualAuthenticators: true}\nSession ID: d174c675c895e52afbce55e448b973c8","children":[{"name":"CreateCar_Form4","uid":"7109ac946d49d298","parentUid":"a2bf3efd0aeaafa63443e640cca31d85","status":"broken","time":{"start":1772091151521,"stop":1772091182649,"duration":31128},"flaky":false,"newFailed":false,"newPassed":false,"newBroken":true,"retriesCount":0,"retriesStatusChange":false,"parameters":[],"tags":[]}],"uid":"a2bf3efd0aeaafa63443e640cca31d85"},{"name":"Expected condition failed: waiting for visibility of element found by By.xpath: //h1[text()='Car Features'], but... org.openqa.selenium.NoSuchElementException: no such element: Unable to locate element: {\"method\":\"xpath\",\"selector\":\"//h1[text()='Car Features']\"}.\n(tried for 30 seconds with 500 milliseconds interval)\nBuild info: version: '4.41.0', revision: '9fc754f'\nSystem info: os.name: 'Linux', os.arch: 'amd64', os.version: '6.14.0-1017-azure', java.version: '22.0.2'\nDriver info: org.openqa.selenium.chrome.ChromeDriver\nCapabilities {acceptInsecureCerts: false, browserName: chrome, browserVersion: 145.0.7632.116, chrome: {chromedriverVersion: 145.0.7632.117 (de4e5d6e13b..., userDataDir: /tmp/org.chromium.Chromium....}, fedcm:accounts: true, goog:chromeOptions: {debuggerAddress: localhost:39689}, goog:processID: 2763, networkConnectionEnabled: false, pageLoadStrategy: normal, platformName: linux, proxy: Proxy(), se:cdp: ws://localhost:39689/devtoo..., se:cdpVersion: 145.0.7632.116, setWindowRect: true, strictFileInteractability: false, timeouts: {implicit: 0, pageLoad: 300000, script: 30000}, unhandledPromptBehavior: dismiss and notify, webauthn:extension:credBlob: true, webauthn:extension:largeBlob: true, webauthn:extension:minPinLength: true, webauthn:extension:prf: true, webauthn:virtualAuthenticators: true}\nSession ID: d174c675c895e52afbce55e448b973c8","children":[{"name":"CreateCar_Form5","uid":"64c7b284fb8c3af2","parentUid":"ae33b30b080e31a4689aad57bd2cb521","status":"broken","time":{"start":1772091182653,"stop":1772091213814,"duration":31161},"flaky":false,"newFailed":false,"newPassed":false,"newBroken":true,"retriesCount":0,"retriesStatusChange":false,"parameters":[],"tags":[]}],"uid":"ae33b30b080e31a4689aad57bd2cb521"},{"name":"Expected condition failed: waiting for visibility of element found by By.xpath: //h1[text()='Car Summary'], but... org.openqa.selenium.NoSuchElementException: no such element: Unable to locate element: {\"method\":\"xpath\",\"selector\":\"//h1[text()='Car Summary']\"}.\n(tried for 30 seconds with 500 milliseconds interval)\nBuild info: version: '4.41.0', revision: '9fc754f'\nSystem info: os.name: 'Linux', os.arch: 'amd64', os.version: '6.14.0-1017-azure', java.version: '22.0.2'\nDriver info: org.openqa.selenium.chrome.ChromeDriver\nCapabilities {acceptInsecureCerts: false, browserName: chrome, browserVersion: 145.0.7632.116, chrome: {chromedriverVersion: 145.0.7632.117 (de4e5d6e13b..., userDataDir: /tmp/org.chromium.Chromium....}, fedcm:accounts: true, goog:chromeOptions: {debuggerAddress: localhost:39689}, goog:processID: 2763, networkConnectionEnabled: false, pageLoadStrategy: normal, platformName: linux, proxy: Proxy(), se:cdp: ws://localhost:39689/devtoo..., se:cdpVersion: 145.0.7632.116, setWindowRect: true, strictFileInteractability: false, timeouts: {implicit: 0, pageLoad: 300000, script: 30000}, unhandledPromptBehavior: dismiss and notify, webauthn:extension:credBlob: true, webauthn:extension:largeBlob: true, webauthn:extension:minPinLength: true, webauthn:extension:prf: true, webauthn:virtualAuthenticators: true}\nSession ID: d174c675c895e52afbce55e448b973c8","children":[{"name":"CreateCar_Form6","uid":"f21558ec3df20b74","parentUid":"7b198423a120e031d8f484adcc713161","status":"broken","time":{"start":1772091213818,"stop":1772091244996,"duration":31178},"flaky":false,"newFailed":false,"newPassed":false,"newBroken":true,"retriesCount":0,"retriesStatusChange":false,"parameters":[],"tags":[]}],"uid":"7b198423a120e031d8f484adcc713161"},{"name":"Failed to parse the JSON document","children":[{"name":"listingCarAPI","uid":"989322d9cbe392e9","parentUid":"fc7f07cc0ef2df35e1ee950e22ac3f8f","status":"broken","time":{"start":1772091245000,"stop":1772091246935,"duration":1935},"flaky":true,"newFailed":false,"newPassed":false,"newBroken":true,"retriesCount":0,"retriesStatusChange":false,"parameters":[],"tags":[]},{"name":"ppiCarInspection","uid":"39c731c020b15def","parentUid":"fc7f07cc0ef2df35e1ee950e22ac3f8f","status":"broken","time":{"start":1772091246938,"stop":1772091247311,"duration":373},"flaky":true,"newFailed":false,"newPassed":false,"newBroken":true,"retriesCount":0,"retriesStatusChange":false,"parameters":[],"tags":[]}],"uid":"fc7f07cc0ef2df35e1ee950e22ac3f8f"}],"uid":"bdbf199525818fae7a8651db9eafe741"}]}