{"uid":"a3db1f13cc259eb9","name":"CarLoanFlow - Loan created by Account Manager for user salary earner","fullName":"CarLoanFlow - Loan created by Account Manager for user salary earner","historyId":"CarLoanFlow - Loan created by Account Manager for user salary earner","time":{"start":1772095002052,"stop":1772095004075,"duration":2023},"status":"broken","statusMessage":"Failed to parse the JSON document","statusTrace":"io.restassured.path.json.exception.JsonPathException: Failed to parse the JSON document\n\tat io.restassured.path.json.JsonPath$ExceptionCatcher.invoke(JsonPath.java:1002)\n\tat io.restassured.path.json.JsonPath$4.doParseWith(JsonPath.java:967)\n\tat io.restassured.path.json.JsonPath$JsonParser.parseWith(JsonPath.java:1047)\n\tat io.restassured.path.json.JsonPath.get(JsonPath.java:202)\n\tat io.restassured.path.json.JsonPath.getString(JsonPath.java:352)\n\tat Base.Initialization.generateAuthToken(Initialization.java:180)\n\tat Base.Initialization.getAccountManagerToken(Initialization.java:96)\n\tat Tests.CarLoan.CarLoanPositive.CarLoanFlow(CarLoanPositive.java:86)\n\tat java.base/jdk.internal.reflect.DirectMethodHandleAccessor.invoke(DirectMethodHandleAccessor.java:103)\n\tat java.base/java.lang.reflect.Method.invoke(Method.java:580)\n\tat org.testng.internal.invokers.MethodInvocationHelper.invokeMethod(MethodInvocationHelper.java:141)\n\tat org.testng.internal.invokers.TestInvoker.invokeMethod(TestInvoker.java:687)\n\tat org.testng.internal.invokers.TestInvoker.invokeTestMethod(TestInvoker.java:230)\n\tat org.testng.internal.invokers.MethodRunner.runInSequence(MethodRunner.java:63)\n\tat org.testng.internal.invokers.TestInvoker$MethodInvocationAgent.invoke(TestInvoker.java:995)\n\tat org.testng.internal.invokers.TestInvoker.invokeTestMethods(TestInvoker.java:203)\n\tat org.testng.internal.invokers.TestMethodWorker.invokeTestMethods(TestMethodWorker.java:154)\n\tat org.testng.internal.invokers.TestMethodWorker.run(TestMethodWorker.java:134)\n\tat java.base/java.util.ArrayList.forEach(ArrayList.java:1597)\n\tat org.testng.TestRunner.privateRun(TestRunner.java:741)\n\tat org.testng.TestRunner.run(TestRunner.java:616)\n\tat org.testng.SuiteRunner.runTest(SuiteRunner.java:421)\n\tat org.testng.SuiteRunner.runSequentially(SuiteRunner.java:413)\n\tat org.testng.SuiteRunner.privateRun(SuiteRunner.java:373)\n\tat org.testng.SuiteRunner.run(SuiteRunner.java:312)\n\tat org.testng.SuiteRunnerWorker.runSuite(SuiteRunnerWorker.java:52)\n\tat org.testng.SuiteRunnerWorker.run(SuiteRunnerWorker.java:95)\n\tat org.testng.TestNG.runSuitesSequentially(TestNG.java:1274)\n\tat org.testng.TestNG.runSuitesLocally(TestNG.java:1208)\n\tat org.testng.TestNG.runSuites(TestNG.java:1112)\n\tat org.testng.TestNG.run(TestNG.java:1079)\n\tat org.apache.maven.surefire.testng.TestNGExecutor.run(TestNGExecutor.java:308)\n\tat org.apache.maven.surefire.testng.TestNGXmlTestSuite.execute(TestNGXmlTestSuite.java:71)\n\tat org.apache.maven.surefire.testng.TestNGProvider.invoke(TestNGProvider.java:113)\n\tat org.apache.maven.surefire.booter.ForkedBooter.runSuitesInProcess(ForkedBooter.java:385)\n\tat org.apache.maven.surefire.booter.ForkedBooter.execute(ForkedBooter.java:162)\n\tat org.apache.maven.surefire.booter.ForkedBooter.run(ForkedBooter.java:507)\n\tat org.apache.maven.surefire.booter.ForkedBooter.main(ForkedBooter.java:495)\nCaused by: groovy.json.JsonException: Lexing failed on line: 1, column: 1, while reading '<', no possible valid JSON value or punctuation could be recognized.\n\tat groovy.json.JsonLexer.nextToken(JsonLexer.java:86)\n\tat groovy.json.JsonLexer$nextToken.call(Unknown Source)\n\tat org.codehaus.groovy.runtime.callsite.CallSiteArray.defaultCall(CallSiteArray.java:45)\n\tat org.codehaus.groovy.runtime.callsite.AbstractCallSite.call(AbstractCallSite.java:125)\n\tat org.codehaus.groovy.runtime.callsite.AbstractCallSite.call(AbstractCallSite.java:130)\n\tat io.restassured.internal.path.json.ConfigurableJsonSlurper.parse(ConfigurableJsonSlurper.groovy:97)\n\tat io.restassured.internal.path.json.ConfigurableJsonSlurper$parse.callCurrent(Unknown Source)\n\tat org.codehaus.groovy.runtime.callsite.CallSiteArray.defaultCallCurrent(CallSiteArray.java:49)\n\tat org.codehaus.groovy.runtime.callsite.AbstractCallSite.callCurrent(AbstractCallSite.java:171)\n\tat org.codehaus.groovy.runtime.callsite.AbstractCallSite.callCurrent(AbstractCallSite.java:185)\n\tat io.restassured.internal.path.json.ConfigurableJsonSlurper.parseText(ConfigurableJsonSlurper.groovy:83)\n\tat io.restassured.path.json.JsonPath$4$1.method(JsonPath.java:965)\n\tat io.restassured.path.json.JsonPath$ExceptionCatcher.invoke(JsonPath.java:1000)\n\t... 37 more\n","flaky":false,"newFailed":false,"newBroken":true,"newPassed":false,"retriesCount":0,"retriesStatusChange":false,"beforeStages":[{"name":"SetUp","time":{"start":1772095000399,"stop":1772095000970,"duration":571},"description":"","status":"passed","steps":[],"attachments":[],"parameters":[],"shouldDisplayMessage":false,"stepsCount":0,"attachmentsCount":0,"hasContent":false,"attachmentStep":false}],"testStage":{"status":"broken","statusMessage":"Failed to parse the JSON document","statusTrace":"io.restassured.path.json.exception.JsonPathException: Failed to parse the JSON document\n\tat io.restassured.path.json.JsonPath$ExceptionCatcher.invoke(JsonPath.java:1002)\n\tat io.restassured.path.json.JsonPath$4.doParseWith(JsonPath.java:967)\n\tat io.restassured.path.json.JsonPath$JsonParser.parseWith(JsonPath.java:1047)\n\tat io.restassured.path.json.JsonPath.get(JsonPath.java:202)\n\tat io.restassured.path.json.JsonPath.getString(JsonPath.java:352)\n\tat Base.Initialization.generateAuthToken(Initialization.java:180)\n\tat Base.Initialization.getAccountManagerToken(Initialization.java:96)\n\tat Tests.CarLoan.CarLoanPositive.CarLoanFlow(CarLoanPositive.java:86)\n\tat java.base/jdk.internal.reflect.DirectMethodHandleAccessor.invoke(DirectMethodHandleAccessor.java:103)\n\tat java.base/java.lang.reflect.Method.invoke(Method.java:580)\n\tat org.testng.internal.invokers.MethodInvocationHelper.invokeMethod(MethodInvocationHelper.java:141)\n\tat org.testng.internal.invokers.TestInvoker.invokeMethod(TestInvoker.java:687)\n\tat org.testng.internal.invokers.TestInvoker.invokeTestMethod(TestInvoker.java:230)\n\tat org.testng.internal.invokers.MethodRunner.runInSequence(MethodRunner.java:63)\n\tat org.testng.internal.invokers.TestInvoker$MethodInvocationAgent.invoke(TestInvoker.java:995)\n\tat org.testng.internal.invokers.TestInvoker.invokeTestMethods(TestInvoker.java:203)\n\tat org.testng.internal.invokers.TestMethodWorker.invokeTestMethods(TestMethodWorker.java:154)\n\tat org.testng.internal.invokers.TestMethodWorker.run(TestMethodWorker.java:134)\n\tat java.base/java.util.ArrayList.forEach(ArrayList.java:1597)\n\tat org.testng.TestRunner.privateRun(TestRunner.java:741)\n\tat org.testng.TestRunner.run(TestRunner.java:616)\n\tat org.testng.SuiteRunner.runTest(SuiteRunner.java:421)\n\tat org.testng.SuiteRunner.runSequentially(SuiteRunner.java:413)\n\tat org.testng.SuiteRunner.privateRun(SuiteRunner.java:373)\n\tat org.testng.SuiteRunner.run(SuiteRunner.java:312)\n\tat org.testng.SuiteRunnerWorker.runSuite(SuiteRunnerWorker.java:52)\n\tat org.testng.SuiteRunnerWorker.run(SuiteRunnerWorker.java:95)\n\tat org.testng.TestNG.runSuitesSequentially(TestNG.java:1274)\n\tat org.testng.TestNG.runSuitesLocally(TestNG.java:1208)\n\tat org.testng.TestNG.runSuites(TestNG.java:1112)\n\tat org.testng.TestNG.run(TestNG.java:1079)\n\tat org.apache.maven.surefire.testng.TestNGExecutor.run(TestNGExecutor.java:308)\n\tat org.apache.maven.surefire.testng.TestNGXmlTestSuite.execute(TestNGXmlTestSuite.java:71)\n\tat org.apache.maven.surefire.testng.TestNGProvider.invoke(TestNGProvider.java:113)\n\tat org.apache.maven.surefire.booter.ForkedBooter.runSuitesInProcess(ForkedBooter.java:385)\n\tat org.apache.maven.surefire.booter.ForkedBooter.execute(ForkedBooter.java:162)\n\tat org.apache.maven.surefire.booter.ForkedBooter.run(ForkedBooter.java:507)\n\tat org.apache.maven.surefire.booter.ForkedBooter.main(ForkedBooter.java:495)\nCaused by: groovy.json.JsonException: Lexing failed on line: 1, column: 1, while reading '<', no possible valid JSON value or punctuation could be recognized.\n\tat groovy.json.JsonLexer.nextToken(JsonLexer.java:86)\n\tat groovy.json.JsonLexer$nextToken.call(Unknown Source)\n\tat org.codehaus.groovy.runtime.callsite.CallSiteArray.defaultCall(CallSiteArray.java:45)\n\tat org.codehaus.groovy.runtime.callsite.AbstractCallSite.call(AbstractCallSite.java:125)\n\tat org.codehaus.groovy.runtime.callsite.AbstractCallSite.call(AbstractCallSite.java:130)\n\tat io.restassured.internal.path.json.ConfigurableJsonSlurper.parse(ConfigurableJsonSlurper.groovy:97)\n\tat io.restassured.internal.path.json.ConfigurableJsonSlurper$parse.callCurrent(Unknown Source)\n\tat org.codehaus.groovy.runtime.callsite.CallSiteArray.defaultCallCurrent(CallSiteArray.java:49)\n\tat org.codehaus.groovy.runtime.callsite.AbstractCallSite.callCurrent(AbstractCallSite.java:171)\n\tat org.codehaus.groovy.runtime.callsite.AbstractCallSite.callCurrent(AbstractCallSite.java:185)\n\tat io.restassured.internal.path.json.ConfigurableJsonSlurper.parseText(ConfigurableJsonSlurper.groovy:83)\n\tat io.restassured.path.json.JsonPath$4$1.method(JsonPath.java:965)\n\tat io.restassured.path.json.JsonPath$ExceptionCatcher.invoke(JsonPath.java:1000)\n\t... 37 more\n","steps":[{"name":"Get Token for role: Account Manager","time":{"start":1772095002064,"stop":1772095002064,"duration":0},"status":"passed","steps":[],"attachments":[],"parameters":[],"shouldDisplayMessage":false,"stepsCount":0,"attachmentsCount":0,"hasContent":false,"attachmentStep":false}],"attachments":[{"uid":"f703f0b2b67d66d9","name":"Request Log","source":"f703f0b2b67d66d9.json","type":"application/json","size":370},{"uid":"1fc00e269133cc9a","name":"Response Log","source":"1fc00e269133cc9a.json","type":"application/json","size":528}],"parameters":[],"shouldDisplayMessage":true,"stepsCount":1,"attachmentsCount":2,"hasContent":true,"attachmentStep":false},"afterStages":[],"labels":[{"name":"package","value":"Tests.CarLoan.CarLoanPositive"},{"name":"testClass","value":"Tests.CarLoan.CarLoanPositive"},{"name":"testMethod","value":"CarLoanFlow"},{"name":"parentSuite","value":"API_Regression_Suite"},{"name":"suite","value":"Autochek_End_To_End_Loan_Application"},{"name":"subSuite","value":"Tests.CarLoan.CarLoanPositive"},{"name":"host","value":"runnervmnay03"},{"name":"thread","value":"2391@runnervmnay03.main(1)"},{"name":"framework","value":"testng"},{"name":"language","value":"java"},{"name":"feature","value":"Country - NG"},{"name":"epic","value":"Car Loan Positive Flow"},{"name":"severity","value":"critical"},{"name":"story","value":"Account Manager - Salary Earner"},{"name":"resultFormat","value":"allure2"}],"parameters":[{"name":"Description","value":"Loan created by Account Manager for user salary earner"},{"name":"Loan Creator","value":"Account Manager"},{"name":"Severity","value":"Critical"},{"name":"Type","value":"Positive"},{"name":"User Type","value":"Salary Earner"}],"links":[],"hidden":false,"retry":false,"extra":{"severity":"critical","retries":[],"categories":[{"name":"Test defects","matchedStatuses":[]}],"history":{"statistic":{"failed":12,"broken":2,"skipped":0,"passed":0,"unknown":0,"total":14},"items":[{"uid":"da06abd4027dce06","status":"failed","statusDetails":"The following asserts failed:\n\tResponse code of assignInspector should be 200 | Expected: 200, Actual: 401 expected [200] but found [401]","time":{"start":1772092882140,"stop":1772093245422,"duration":363282}},{"uid":"be7f3a716f9ef216","status":"failed","statusDetails":"The following asserts failed:\n\tResponse code of assignInspector should be 200 | Expected: 200, Actual: 401 expected [200] but found [401]","time":{"start":1772091853917,"stop":1772092211183,"duration":357266}},{"uid":"b21169193aeb713","status":"failed","statusDetails":"The following asserts failed:\n\tResponse code of assignInspector should be 200 | Expected: 200, Actual: 401 expected [200] but found [401]","time":{"start":1772090362838,"stop":1772090715326,"duration":352488}},{"uid":"78680e6e3e19c38f","status":"failed","statusDetails":"The following asserts failed:\n\tResponse code of assignInspector should be 200 | Expected: 200, Actual: 401 expected [200] but found [401]","time":{"start":1772022232998,"stop":1772022608993,"duration":375995}},{"uid":"674ba3387840f865","status":"broken","statusDetails":"Failed to parse the JSON document","time":{"start":1772021577448,"stop":1772021579445,"duration":1997}},{"uid":"edfc887252784a4d","status":"failed","statusDetails":"The following asserts failed:\n\tResponse code should be 200 | Expected: 200, Actual: 400 expected [200] but found [400]","time":{"start":1772014766509,"stop":1772015133673,"duration":367164}},{"uid":"dd44fcc0c70fc0bb","status":"failed","statusDetails":"The following asserts failed:\n\tResponse code of assignInspector should be 200 | Expected: 200, Actual: 401 expected [200] but found [401]","time":{"start":1772013134958,"stop":1772013506727,"duration":371769}},{"uid":"c529e757e2931979","status":"failed","statusDetails":"The following asserts failed:\n\tResponse code of assignInspector should be 200 | Expected: 200, Actual: 401 expected [200] but found [401]","time":{"start":1772011994969,"stop":1772012342179,"duration":347210}},{"uid":"a6e51b5c15f51372","status":"failed","statusDetails":"The following asserts failed:\n\tResponse code of assignInspector should be 200 | Expected: 200, Actual: 401 expected [200] but found [401]","time":{"start":1772004563272,"stop":1772004968720,"duration":405448}},{"uid":"62d49ff02c553cbc","status":"failed","statusDetails":"The following asserts failed:\n\tResponse code of assignInspector should be 200 | Expected: 200, Actual: 401 expected [200] but found [401]","time":{"start":1772003153303,"stop":1772003515691,"duration":362388}},{"uid":"4e1a0f3764a2b04d","status":"failed","statusDetails":"The following asserts failed:\n\tResponse code of assignInspector should be 200 | Expected: 200, Actual: 401 expected [200] but found [401]","time":{"start":1772001062789,"stop":1772001422532,"duration":359743}},{"uid":"99e576b98d4607ae","status":"failed","statusDetails":"The following asserts failed:\n\tResponse code of assignInspector should be 200 | Expected: 200, Actual: 401 expected [200] but found [401]","time":{"start":1771919279639,"stop":1771919639244,"duration":359605}},{"uid":"19c441051c04fb9a","status":"failed","statusDetails":"The following asserts failed:\n\tResponse code of assignInspector should be 200 | Expected: 200, Actual: 401 expected [200] but found [401]","time":{"start":1771916973935,"stop":1771917357014,"duration":383079}}]},"tags":[]},"source":"a3db1f13cc259eb9.json","parameterValues":["Loan created by Account Manager for user salary earner","Account Manager","Critical","Positive","Salary Earner"]}