{"uid":"4b4757e66a1912dae1a509f688f20b0f","name":"categories","children":[{"name":"Test defects","children":[{"name":"Expected condition failed: waiting for element found by By.xpath: //button[contains(@class,'hover:opacity-70')] to be clickable, but the element was not found: org.openqa.selenium.NoSuchElementException: no such element: Unable to locate element: {\"method\":\"xpath\",\"selector\":\"//button[contains(@class,'hover:opacity-70')]\"}.\n(tried for 30 seconds with 500 milliseconds interval)\nBuild info: version: '4.41.0', revision: '9fc754f'\nSystem info: os.name: 'Linux', os.arch: 'amd64', os.version: '6.14.0-1017-azure', java.version: '22.0.2'\nDriver info: org.openqa.selenium.chrome.ChromeDriver\nCapabilities {acceptInsecureCerts: false, browserName: chrome, browserVersion: 145.0.7632.116, chrome: {chromedriverVersion: 145.0.7632.117 (de4e5d6e13b..., userDataDir: /tmp/org.chromium.Chromium....}, fedcm:accounts: true, goog:chromeOptions: {debuggerAddress: localhost:43093}, goog:processID: 2675, networkConnectionEnabled: false, pageLoadStrategy: normal, platformName: linux, proxy: Proxy(), se:cdp: ws://localhost:43093/devtoo..., se:cdpVersion: 145.0.7632.116, setWindowRect: true, strictFileInteractability: false, timeouts: {implicit: 0, pageLoad: 300000, script: 30000}, unhandledPromptBehavior: dismiss and notify, webauthn:extension:credBlob: true, webauthn:extension:largeBlob: true, webauthn:extension:minPinLength: true, webauthn:extension:prf: true, webauthn:virtualAuthenticators: true}\nSession ID: 5a81c9678402af5efcdffc2f92b626a5","children":[{"name":"DealerPlus_CreateCar_Flow","uid":"63d076ce226b21ad","parentUid":"25e25c4b5893e0cef3fad3aef3301cd9","status":"broken","time":{"start":1772098161902,"stop":1772098207397,"duration":45495},"flaky":false,"newFailed":false,"newPassed":false,"newBroken":false,"retriesCount":0,"retriesStatusChange":false,"parameters":[],"tags":[]}],"uid":"25e25c4b5893e0cef3fad3aef3301cd9"},{"name":"Expected condition failed: waiting for presence of element found by By.xpath: //input[@role='combobox' and @placeholder='Select make']\n(tried for 30 seconds with 500 milliseconds interval)\nBuild info: version: '4.41.0', revision: '9fc754f'\nSystem info: os.name: 'Linux', os.arch: 'amd64', os.version: '6.14.0-1017-azure', java.version: '22.0.2'\nDriver info: org.openqa.selenium.chrome.ChromeDriver\nCapabilities {acceptInsecureCerts: false, browserName: chrome, browserVersion: 145.0.7632.116, chrome: {chromedriverVersion: 145.0.7632.117 (de4e5d6e13b..., userDataDir: /tmp/org.chromium.Chromium....}, fedcm:accounts: true, goog:chromeOptions: {debuggerAddress: localhost:43093}, goog:processID: 2675, networkConnectionEnabled: false, pageLoadStrategy: normal, platformName: linux, proxy: Proxy(), se:cdp: ws://localhost:43093/devtoo..., se:cdpVersion: 145.0.7632.116, setWindowRect: true, strictFileInteractability: false, timeouts: {implicit: 0, pageLoad: 300000, script: 30000}, unhandledPromptBehavior: dismiss and notify, webauthn:extension:credBlob: true, webauthn:extension:largeBlob: true, webauthn:extension:minPinLength: true, webauthn:extension:prf: true, webauthn:virtualAuthenticators: true}\nSession ID: 5a81c9678402af5efcdffc2f92b626a5","children":[{"name":"CreateCar_Form1","uid":"f0827372eb49396","parentUid":"3e987b942b7b983d89dbae81d260fc0e","status":"broken","time":{"start":1772098207472,"stop":1772098238607,"duration":31135},"flaky":false,"newFailed":false,"newPassed":false,"newBroken":false,"retriesCount":0,"retriesStatusChange":false,"parameters":[],"tags":[]}],"uid":"3e987b942b7b983d89dbae81d260fc0e"},{"name":"Expected condition failed: waiting for visibility of element found by By.xpath: //label[.//input[@name='ownershipStatus' and @value='self']], but... org.openqa.selenium.NoSuchElementException: no such element: Unable to locate element: {\"method\":\"xpath\",\"selector\":\"//label[.//input[@name='ownershipStatus' and @value='self']]\"}.\n(tried for 30 seconds with 500 milliseconds interval)\nBuild info: version: '4.41.0', revision: '9fc754f'\nSystem info: os.name: 'Linux', os.arch: 'amd64', os.version: '6.14.0-1017-azure', java.version: '22.0.2'\nDriver info: org.openqa.selenium.chrome.ChromeDriver\nCapabilities {acceptInsecureCerts: false, browserName: chrome, browserVersion: 145.0.7632.116, chrome: {chromedriverVersion: 145.0.7632.117 (de4e5d6e13b..., userDataDir: /tmp/org.chromium.Chromium....}, fedcm:accounts: true, goog:chromeOptions: {debuggerAddress: localhost:43093}, goog:processID: 2675, networkConnectionEnabled: false, pageLoadStrategy: normal, platformName: linux, proxy: Proxy(), se:cdp: ws://localhost:43093/devtoo..., se:cdpVersion: 145.0.7632.116, setWindowRect: true, strictFileInteractability: false, timeouts: {implicit: 0, pageLoad: 300000, script: 30000}, unhandledPromptBehavior: dismiss and notify, webauthn:extension:credBlob: true, webauthn:extension:largeBlob: true, webauthn:extension:minPinLength: true, webauthn:extension:prf: true, webauthn:virtualAuthenticators: true}\nSession ID: 5a81c9678402af5efcdffc2f92b626a5","children":[{"name":"CreateCar_Form2","uid":"deda781b5fc5ce5","parentUid":"4b4328f8c2a74dae9ae23ecf14466c45","status":"broken","time":{"start":1772098238614,"stop":1772098269755,"duration":31141},"flaky":false,"newFailed":false,"newPassed":false,"newBroken":false,"retriesCount":0,"retriesStatusChange":false,"parameters":[],"tags":[]}],"uid":"4b4328f8c2a74dae9ae23ecf14466c45"},{"name":"no such element: Unable to locate element: {\"method\":\"xpath\",\"selector\":\"//label[contains(text(),'Upload Left Front Image')]/following::input[@id='leftFront-input']\"}\n  (Session info: chrome=145.0.7632.116)\nFor documentation on this error, please visit: https://www.selenium.dev/documentation/webdriver/troubleshooting/errors#nosuchelementexception\nBuild info: version: '4.41.0', revision: '9fc754f'\nSystem info: os.name: 'Linux', os.arch: 'amd64', os.version: '6.14.0-1017-azure', java.version: '22.0.2'\nDriver info: org.openqa.selenium.chrome.ChromeDriver\nCommand: [5a81c9678402af5efcdffc2f92b626a5, findElement {using=xpath, value=//label[contains(text(),'Upload Left Front Image')]/following::input[@id='leftFront-input']}]\nCapabilities {acceptInsecureCerts: false, browserName: chrome, browserVersion: 145.0.7632.116, chrome: {chromedriverVersion: 145.0.7632.117 (de4e5d6e13b..., userDataDir: /tmp/org.chromium.Chromium....}, fedcm:accounts: true, goog:chromeOptions: {debuggerAddress: localhost:43093}, goog:processID: 2675, networkConnectionEnabled: false, pageLoadStrategy: normal, platformName: linux, proxy: Proxy(), se:cdp: ws://localhost:43093/devtoo..., se:cdpVersion: 145.0.7632.116, setWindowRect: true, strictFileInteractability: false, timeouts: {implicit: 0, pageLoad: 300000, script: 30000}, unhandledPromptBehavior: dismiss and notify, webauthn:extension:credBlob: true, webauthn:extension:largeBlob: true, webauthn:extension:minPinLength: true, webauthn:extension:prf: true, webauthn:virtualAuthenticators: true}\nSession ID: 5a81c9678402af5efcdffc2f92b626a5","children":[{"name":"CreateCar_Form3","uid":"ba8d29fdf418c647","parentUid":"cbf1c7ae77e76e2111580b8d2700916a","status":"broken","time":{"start":1772098269760,"stop":1772098279853,"duration":10093},"flaky":false,"newFailed":false,"newPassed":false,"newBroken":false,"retriesCount":0,"retriesStatusChange":false,"parameters":[],"tags":[]}],"uid":"cbf1c7ae77e76e2111580b8d2700916a"},{"name":"Expected condition failed: waiting for presence of element found by By.xpath: //label[contains(normalize-space(),'Upload Vehicle License')]/ancestor::div[contains(@class,'relative')]//input[@type='file']\n(tried for 30 seconds with 500 milliseconds interval)\nBuild info: version: '4.41.0', revision: '9fc754f'\nSystem info: os.name: 'Linux', os.arch: 'amd64', os.version: '6.14.0-1017-azure', java.version: '22.0.2'\nDriver info: org.openqa.selenium.chrome.ChromeDriver\nCapabilities {acceptInsecureCerts: false, browserName: chrome, browserVersion: 145.0.7632.116, chrome: {chromedriverVersion: 145.0.7632.117 (de4e5d6e13b..., userDataDir: /tmp/org.chromium.Chromium....}, fedcm:accounts: true, goog:chromeOptions: {debuggerAddress: localhost:43093}, goog:processID: 2675, networkConnectionEnabled: false, pageLoadStrategy: normal, platformName: linux, proxy: Proxy(), se:cdp: ws://localhost:43093/devtoo..., se:cdpVersion: 145.0.7632.116, setWindowRect: true, strictFileInteractability: false, timeouts: {implicit: 0, pageLoad: 300000, script: 30000}, unhandledPromptBehavior: dismiss and notify, webauthn:extension:credBlob: true, webauthn:extension:largeBlob: true, webauthn:extension:minPinLength: true, webauthn:extension:prf: true, webauthn:virtualAuthenticators: true}\nSession ID: 5a81c9678402af5efcdffc2f92b626a5","children":[{"name":"CreateCar_Form4","uid":"e6c26eee276b3374","parentUid":"4f30f3f55dba7782bb2dc23f4e999a08","status":"broken","time":{"start":1772098279859,"stop":1772098311033,"duration":31174},"flaky":false,"newFailed":false,"newPassed":false,"newBroken":false,"retriesCount":0,"retriesStatusChange":false,"parameters":[],"tags":[]}],"uid":"4f30f3f55dba7782bb2dc23f4e999a08"},{"name":"Expected condition failed: waiting for visibility of element found by By.xpath: //h1[text()='Car Features'], but... org.openqa.selenium.NoSuchElementException: no such element: Unable to locate element: {\"method\":\"xpath\",\"selector\":\"//h1[text()='Car Features']\"}.\n(tried for 30 seconds with 500 milliseconds interval)\nBuild info: version: '4.41.0', revision: '9fc754f'\nSystem info: os.name: 'Linux', os.arch: 'amd64', os.version: '6.14.0-1017-azure', java.version: '22.0.2'\nDriver info: org.openqa.selenium.chrome.ChromeDriver\nCapabilities {acceptInsecureCerts: false, browserName: chrome, browserVersion: 145.0.7632.116, chrome: {chromedriverVersion: 145.0.7632.117 (de4e5d6e13b..., userDataDir: /tmp/org.chromium.Chromium....}, fedcm:accounts: true, goog:chromeOptions: {debuggerAddress: localhost:43093}, goog:processID: 2675, networkConnectionEnabled: false, pageLoadStrategy: normal, platformName: linux, proxy: Proxy(), se:cdp: ws://localhost:43093/devtoo..., se:cdpVersion: 145.0.7632.116, setWindowRect: true, strictFileInteractability: false, timeouts: {implicit: 0, pageLoad: 300000, script: 30000}, unhandledPromptBehavior: dismiss and notify, webauthn:extension:credBlob: true, webauthn:extension:largeBlob: true, webauthn:extension:minPinLength: true, webauthn:extension:prf: true, webauthn:virtualAuthenticators: true}\nSession ID: 5a81c9678402af5efcdffc2f92b626a5","children":[{"name":"CreateCar_Form5","uid":"8f5ac495c7df8b90","parentUid":"dd6cc4f932d35722504d0a723efdbba4","status":"broken","time":{"start":1772098311038,"stop":1772098342232,"duration":31194},"flaky":false,"newFailed":false,"newPassed":false,"newBroken":false,"retriesCount":0,"retriesStatusChange":false,"parameters":[],"tags":[]}],"uid":"dd6cc4f932d35722504d0a723efdbba4"},{"name":"Expected condition failed: waiting for visibility of element found by By.xpath: //h1[text()='Car Summary'], but... org.openqa.selenium.NoSuchElementException: no such element: Unable to locate element: {\"method\":\"xpath\",\"selector\":\"//h1[text()='Car Summary']\"}.\n(tried for 30 seconds with 500 milliseconds interval)\nBuild info: version: '4.41.0', revision: '9fc754f'\nSystem info: os.name: 'Linux', os.arch: 'amd64', os.version: '6.14.0-1017-azure', java.version: '22.0.2'\nDriver info: org.openqa.selenium.chrome.ChromeDriver\nCapabilities {acceptInsecureCerts: false, browserName: chrome, browserVersion: 145.0.7632.116, chrome: {chromedriverVersion: 145.0.7632.117 (de4e5d6e13b..., userDataDir: /tmp/org.chromium.Chromium....}, fedcm:accounts: true, goog:chromeOptions: {debuggerAddress: localhost:43093}, goog:processID: 2675, networkConnectionEnabled: false, pageLoadStrategy: normal, platformName: linux, proxy: Proxy(), se:cdp: ws://localhost:43093/devtoo..., se:cdpVersion: 145.0.7632.116, setWindowRect: true, strictFileInteractability: false, timeouts: {implicit: 0, pageLoad: 300000, script: 30000}, unhandledPromptBehavior: dismiss and notify, webauthn:extension:credBlob: true, webauthn:extension:largeBlob: true, webauthn:extension:minPinLength: true, webauthn:extension:prf: true, webauthn:virtualAuthenticators: true}\nSession ID: 5a81c9678402af5efcdffc2f92b626a5","children":[{"name":"CreateCar_Form6","uid":"d7828d3909f571f1","parentUid":"a15b0a053176c4e942f70bb751716e5e","status":"broken","time":{"start":1772098342236,"stop":1772098373399,"duration":31163},"flaky":false,"newFailed":false,"newPassed":false,"newBroken":false,"retriesCount":0,"retriesStatusChange":false,"parameters":[],"tags":[]}],"uid":"a15b0a053176c4e942f70bb751716e5e"}],"uid":"bdbf199525818fae7a8651db9eafe741"},{"name":"Product defects","children":[{"name":"expected [200] but found [404]","children":[{"name":"listingCarAPI","uid":"904450ec5fef60fb","parentUid":"b9ea128434b6b7e131fbcf1e043871f7","status":"failed","time":{"start":1772098373403,"stop":1772098376482,"duration":3079},"flaky":false,"newFailed":false,"newPassed":false,"newBroken":false,"retriesCount":0,"retriesStatusChange":false,"parameters":[],"tags":[]}],"uid":"b9ea128434b6b7e131fbcf1e043871f7"},{"name":"The following asserts failed:\n\tStatus Code | Expected: 200, Actual: 409 expected [200] but found [409]","children":[{"name":"ppiCarInspection","uid":"d22bea6c7af28208","parentUid":"5cd5c134e862f8b21309173478220bf0","status":"failed","time":{"start":1772098376485,"stop":1772098377730,"duration":1245},"flaky":false,"newFailed":false,"newPassed":false,"newBroken":false,"retriesCount":0,"retriesStatusChange":false,"parameters":[],"tags":[]}],"uid":"5cd5c134e862f8b21309173478220bf0"}],"uid":"8fb3a91ba5aaf9de24cc8a92edc82b5d"}]}